2020-08-01 18:45:54.369  INFO 9495 --- [main] com.hoang.FreelancerApplication          : Starting FreelancerApplication on hoangdd with PID 9495 (/home/hoangdd/Public/project_person/jwt/build/classes/java/main started by hoangdd in /home/hoangdd/Public/project_person/jwt)
2020-08-01 18:45:54.371  INFO 9495 --- [main] com.hoang.FreelancerApplication          : No active profile set, falling back to default profiles: default
2020-08-01 18:45:54.847  INFO 9495 --- [main] .s.d.r.c.RepositoryConfigurationDelegate : Bootstrapping Spring Data JPA repositories in DEFERRED mode.
2020-08-01 18:45:54.895  INFO 9495 --- [main] .s.d.r.c.RepositoryConfigurationDelegate : Finished Spring Data repository scanning in 41ms. Found 1 JPA repository interfaces.
2020-08-01 18:45:55.232  INFO 9495 --- [main] o.s.b.w.embedded.tomcat.TomcatWebServer  : Tomcat initialized with port(s): 8080 (http)
2020-08-01 18:45:55.237  INFO 9495 --- [main] o.apache.catalina.core.StandardService   : Starting service [Tomcat]
2020-08-01 18:45:55.238  INFO 9495 --- [main] org.apache.catalina.core.StandardEngine  : Starting Servlet engine: [Apache Tomcat/9.0.37]
2020-08-01 18:45:55.281  INFO 9495 --- [main] o.a.c.c.C.[Tomcat].[localhost].[/]       : Initializing Spring embedded WebApplicationContext
2020-08-01 18:45:55.282  INFO 9495 --- [main] w.s.c.ServletWebServerApplicationContext : Root WebApplicationContext: initialization completed in 883 ms
2020-08-01 18:45:55.312  INFO 9495 --- [main] com.zaxxer.hikari.HikariDataSource       : HikariPool-1 - Starting...
2020-08-01 18:45:55.390  INFO 9495 --- [main] com.zaxxer.hikari.HikariDataSource       : HikariPool-1 - Start completed.
2020-08-01 18:45:55.411  INFO 9495 --- [main] o.s.b.a.h2.H2ConsoleAutoConfiguration    : H2 console available at '/h2-console'. Database available at 'jdbc:h2:mem:testdb'
2020-08-01 18:45:55.457  WARN 9495 --- [main] JpaBaseConfiguration$JpaWebConfiguration : spring.jpa.open-in-view is enabled by default. Therefore, database queries may be performed during view rendering. Explicitly configure spring.jpa.open-in-view to disable this warning
2020-08-01 18:45:55.499  INFO 9495 --- [main] o.s.s.concurrent.ThreadPoolTaskExecutor  : Initializing ExecutorService 'applicationTaskExecutor'
2020-08-01 18:45:55.550  INFO 9495 --- [task-1] o.hibernate.jpa.internal.util.LogHelper  : HHH000204: Processing PersistenceUnitInfo [name: default]
2020-08-01 18:45:55.587  INFO 9495 --- [task-1] org.hibernate.Version                    : HHH000412: Hibernate ORM core version 5.4.18.Final
2020-08-01 18:45:55.687  INFO 9495 --- [task-1] o.hibernate.annotations.common.Version   : HCANN000001: Hibernate Commons Annotations {5.1.0.Final}
2020-08-01 18:45:59.571  INFO 9495 --- [main] o.s.s.web.DefaultSecurityFilterChain     : Creating filter chain: any request, [org.springframework.security.web.context.request.async.WebAsyncManagerIntegrationFilter@2da81754, org.springframework.security.web.context.SecurityContextPersistenceFilter@535a518c, org.springframework.security.web.header.HeaderWriterFilter@3c232051, org.springframework.security.web.csrf.CsrfFilter@12f279b5, org.springframework.security.web.authentication.logout.LogoutFilter@49433c98, com.hoang.config.JwtAuthenticationFilter@18a19e, org.springframework.security.web.savedrequest.RequestCacheAwareFilter@3a4aadf8, org.springframework.security.web.servletapi.SecurityContextHolderAwareRequestFilter@da4cf09, org.springframework.security.web.authentication.AnonymousAuthenticationFilter@1f992a3a, org.springframework.security.web.session.SessionManagementFilter@1ca3d25b, org.springframework.security.web.access.ExceptionTranslationFilter@2251b3bc, org.springframework.security.web.access.intercept.FilterSecurityInterceptor@673e76b3]
2020-08-01 18:45:59.619  INFO 9495 --- [task-1] org.hibernate.dialect.Dialect            : HHH000400: Using dialect: org.hibernate.dialect.H2Dialect
2020-08-01 18:45:59.799  INFO 9495 --- [main] o.s.b.w.embedded.tomcat.TomcatWebServer  : Tomcat started on port(s): 8080 (http) with context path ''
2020-08-01 18:45:59.800  INFO 9495 --- [main] DeferredRepositoryInitializationListener : Triggering deferred initialization of Spring Data repositories…
2020-08-01 18:46:00.027  INFO 9495 --- [task-1] o.h.e.t.j.p.i.JtaPlatformInitiator       : HHH000490: Using JtaPlatform implementation: [org.hibernate.engine.transaction.jta.platform.internal.NoJtaPlatform]
2020-08-01 18:46:00.033  INFO 9495 --- [task-1] j.LocalContainerEntityManagerFactoryBean : Initialized JPA EntityManagerFactory for persistence unit 'default'
2020-08-01 18:46:00.177  INFO 9495 --- [main] DeferredRepositoryInitializationListener : Spring Data repositories initialized!
2020-08-01 18:46:00.183  INFO 9495 --- [main] com.hoang.FreelancerApplication          : Started FreelancerApplication in 6.089 seconds (JVM running for 6.549)
2020-08-01 18:46:22.188  INFO 9495 --- [http-nio-8080-exec-1] o.a.c.c.C.[Tomcat].[localhost].[/]       : Initializing Spring DispatcherServlet 'dispatcherServlet'
2020-08-01 18:46:22.188  INFO 9495 --- [http-nio-8080-exec-1] o.s.web.servlet.DispatcherServlet        : Initializing Servlet 'dispatcherServlet'
2020-08-01 18:46:22.194  INFO 9495 --- [http-nio-8080-exec-1] o.s.web.servlet.DispatcherServlet        : Completed initialization in 6 ms
2020-08-01 18:46:27.994 ERROR 9495 --- [http-nio-8080-exec-1] com.hoang.config.JwtTokenProvider        : JWT claims string is empty.
2020-08-01 18:48:14.271  INFO 9495 --- [SpringContextShutdownHook] j.LocalContainerEntityManagerFactoryBean : Closing JPA EntityManagerFactory for persistence unit 'default'
2020-08-01 18:48:14.273  INFO 9495 --- [SpringContextShutdownHook] o.s.s.concurrent.ThreadPoolTaskExecutor  : Shutting down ExecutorService 'applicationTaskExecutor'
2020-08-01 18:48:14.273  INFO 9495 --- [SpringContextShutdownHook] com.zaxxer.hikari.HikariDataSource       : HikariPool-1 - Shutdown initiated...
2020-08-01 18:48:14.274  INFO 9495 --- [SpringContextShutdownHook] com.zaxxer.hikari.HikariDataSource       : HikariPool-1 - Shutdown completed.
2020-08-01 18:48:16.183  INFO 9706 --- [main] com.hoang.FreelancerApplication          : Starting FreelancerApplication on hoangdd with PID 9706 (/home/hoangdd/Public/project_person/jwt/build/classes/java/main started by hoangdd in /home/hoangdd/Public/project_person/jwt)
2020-08-01 18:48:16.185  INFO 9706 --- [main] com.hoang.FreelancerApplication          : No active profile set, falling back to default profiles: default
2020-08-01 18:48:16.620  INFO 9706 --- [main] .s.d.r.c.RepositoryConfigurationDelegate : Bootstrapping Spring Data JPA repositories in DEFERRED mode.
2020-08-01 18:48:16.664  INFO 9706 --- [main] .s.d.r.c.RepositoryConfigurationDelegate : Finished Spring Data repository scanning in 37ms. Found 1 JPA repository interfaces.
2020-08-01 18:48:17.004  INFO 9706 --- [main] o.s.b.w.embedded.tomcat.TomcatWebServer  : Tomcat initialized with port(s): 8080 (http)
2020-08-01 18:48:17.009  INFO 9706 --- [main] o.apache.catalina.core.StandardService   : Starting service [Tomcat]
2020-08-01 18:48:17.010  INFO 9706 --- [main] org.apache.catalina.core.StandardEngine  : Starting Servlet engine: [Apache Tomcat/9.0.37]
2020-08-01 18:48:17.051  INFO 9706 --- [main] o.a.c.c.C.[Tomcat].[localhost].[/]       : Initializing Spring embedded WebApplicationContext
2020-08-01 18:48:17.051  INFO 9706 --- [main] w.s.c.ServletWebServerApplicationContext : Root WebApplicationContext: initialization completed in 840 ms
2020-08-01 18:48:17.082  INFO 9706 --- [main] com.zaxxer.hikari.HikariDataSource       : HikariPool-1 - Starting...
2020-08-01 18:48:17.156  INFO 9706 --- [main] com.zaxxer.hikari.HikariDataSource       : HikariPool-1 - Start completed.
2020-08-01 18:48:17.176  INFO 9706 --- [main] o.s.b.a.h2.H2ConsoleAutoConfiguration    : H2 console available at '/h2-console'. Database available at 'jdbc:h2:mem:testdb'
2020-08-01 18:48:17.216  WARN 9706 --- [main] JpaBaseConfiguration$JpaWebConfiguration : spring.jpa.open-in-view is enabled by default. Therefore, database queries may be performed during view rendering. Explicitly configure spring.jpa.open-in-view to disable this warning
2020-08-01 18:48:17.245  INFO 9706 --- [main] o.s.s.concurrent.ThreadPoolTaskExecutor  : Initializing ExecutorService 'applicationTaskExecutor'
2020-08-01 18:48:17.266  INFO 9706 --- [task-1] o.hibernate.jpa.internal.util.LogHelper  : HHH000204: Processing PersistenceUnitInfo [name: default]
2020-08-01 18:48:17.335  INFO 9706 --- [task-1] org.hibernate.Version                    : HHH000412: Hibernate ORM core version 5.4.18.Final
2020-08-01 18:48:17.415  INFO 9706 --- [task-1] o.hibernate.annotations.common.Version   : HCANN000001: Hibernate Commons Annotations {5.1.0.Final}
2020-08-01 18:48:17.468  INFO 9706 --- [main] o.s.s.web.DefaultSecurityFilterChain     : Creating filter chain: any request, [org.springframework.security.web.context.request.async.WebAsyncManagerIntegrationFilter@834e986, org.springframework.security.web.context.SecurityContextPersistenceFilter@2a2dc0a, org.springframework.security.web.header.HeaderWriterFilter@61615b4a, org.springframework.security.web.csrf.CsrfFilter@7d42542, org.springframework.security.web.authentication.logout.LogoutFilter@52559a69, com.hoang.config.JwtAuthenticationFilter@39ee94de, org.springframework.security.web.savedrequest.RequestCacheAwareFilter@36ef1d65, org.springframework.security.web.servletapi.SecurityContextHolderAwareRequestFilter@4dcbae55, org.springframework.security.web.authentication.AnonymousAuthenticationFilter@6cae2e4d, org.springframework.security.web.session.SessionManagementFilter@1e225820, org.springframework.security.web.access.ExceptionTranslationFilter@5482bcac, org.springframework.security.web.access.intercept.FilterSecurityInterceptor@4fc165f6]
2020-08-01 18:48:17.483  INFO 9706 --- [task-1] org.hibernate.dialect.Dialect            : HHH000400: Using dialect: org.hibernate.dialect.H2Dialect
2020-08-01 18:48:17.680  INFO 9706 --- [main] o.s.b.w.embedded.tomcat.TomcatWebServer  : Tomcat started on port(s): 8080 (http) with context path ''
2020-08-01 18:48:17.682  INFO 9706 --- [main] DeferredRepositoryInitializationListener : Triggering deferred initialization of Spring Data repositories…
2020-08-01 18:48:17.887  INFO 9706 --- [task-1] o.h.e.t.j.p.i.JtaPlatformInitiator       : HHH000490: Using JtaPlatform implementation: [org.hibernate.engine.transaction.jta.platform.internal.NoJtaPlatform]
2020-08-01 18:48:17.894  INFO 9706 --- [task-1] j.LocalContainerEntityManagerFactoryBean : Initialized JPA EntityManagerFactory for persistence unit 'default'
2020-08-01 18:48:18.043  INFO 9706 --- [main] DeferredRepositoryInitializationListener : Spring Data repositories initialized!
2020-08-01 18:48:18.050  INFO 9706 --- [main] com.hoang.FreelancerApplication          : Started FreelancerApplication in 2.118 seconds (JVM running for 2.531)
2020-08-01 18:48:22.384  INFO 9706 --- [http-nio-8080-exec-2] o.a.c.c.C.[Tomcat].[localhost].[/]       : Initializing Spring DispatcherServlet 'dispatcherServlet'
2020-08-01 18:48:22.384  INFO 9706 --- [http-nio-8080-exec-2] o.s.web.servlet.DispatcherServlet        : Initializing Servlet 'dispatcherServlet'
2020-08-01 18:48:22.389  INFO 9706 --- [http-nio-8080-exec-2] o.s.web.servlet.DispatcherServlet        : Completed initialization in 5 ms
2020-08-01 18:48:38.330 ERROR 9706 --- [http-nio-8080-exec-2] com.hoang.config.JwtTokenProvider        : JWT claims string is empty.
2020-08-01 18:49:07.185 ERROR 9706 --- [http-nio-8080-exec-2] c.h.config.AuthenticationEntryPointCust  : Responding with unauthorized error. Message - Full authentication is required to access this resource
2020-08-01 18:50:29.186 ERROR 9706 --- [http-nio-8080-exec-5] com.hoang.config.JwtTokenProvider        : JWT claims string is empty.
2020-08-01 18:51:24.856  WARN 9706 --- [HikariPool-1 housekeeper] com.zaxxer.hikari.pool.HikariPool        : HikariPool-1 - Thread starvation or clock leap detected (housekeeper delta=55s674ms575µs361ns).
2020-08-01 18:51:26.060 ERROR 9706 --- [http-nio-8080-exec-5] c.h.config.AuthenticationEntryPointCust  : Responding with unauthorized error. Message - Full authentication is required to access this resource
2020-08-01 18:54:32.030  INFO 9706 --- [SpringContextShutdownHook] j.LocalContainerEntityManagerFactoryBean : Closing JPA EntityManagerFactory for persistence unit 'default'
2020-08-01 18:54:32.032  INFO 9706 --- [SpringContextShutdownHook] o.s.s.concurrent.ThreadPoolTaskExecutor  : Shutting down ExecutorService 'applicationTaskExecutor'
2020-08-01 18:54:32.032  INFO 9706 --- [SpringContextShutdownHook] com.zaxxer.hikari.HikariDataSource       : HikariPool-1 - Shutdown initiated...
2020-08-01 18:54:32.033  INFO 9706 --- [SpringContextShutdownHook] com.zaxxer.hikari.HikariDataSource       : HikariPool-1 - Shutdown completed.
2020-08-01 23:07:01.171  INFO 26597 --- [main] com.hoang.FreelancerApplication          : Starting FreelancerApplication on hoangdd with PID 26597 (/home/hoangdd/Public/project_person/jwt/build/classes/java/main started by hoangdd in /home/hoangdd/Public/project_person/jwt)
2020-08-01 23:07:01.174  INFO 26597 --- [main] com.hoang.FreelancerApplication          : No active profile set, falling back to default profiles: default
2020-08-01 23:07:01.803  INFO 26597 --- [main] .s.d.r.c.RepositoryConfigurationDelegate : Bootstrapping Spring Data JPA repositories in DEFERRED mode.
2020-08-01 23:07:01.889  INFO 26597 --- [main] .s.d.r.c.RepositoryConfigurationDelegate : Finished Spring Data repository scanning in 76ms. Found 1 JPA repository interfaces.
2020-08-01 23:07:02.397  INFO 26597 --- [main] o.s.b.w.embedded.tomcat.TomcatWebServer  : Tomcat initialized with port(s): 8080 (http)
2020-08-01 23:07:02.407  INFO 26597 --- [main] o.apache.catalina.core.StandardService   : Starting service [Tomcat]
2020-08-01 23:07:02.407  INFO 26597 --- [main] org.apache.catalina.core.StandardEngine  : Starting Servlet engine: [Apache Tomcat/9.0.37]
2020-08-01 23:07:02.469  INFO 26597 --- [main] o.a.c.c.C.[Tomcat].[localhost].[/]       : Initializing Spring embedded WebApplicationContext
2020-08-01 23:07:02.470  INFO 26597 --- [main] w.s.c.ServletWebServerApplicationContext : Root WebApplicationContext: initialization completed in 1257 ms
2020-08-01 23:07:02.514  INFO 26597 --- [main] com.zaxxer.hikari.HikariDataSource       : HikariPool-1 - Starting...
2020-08-01 23:07:02.612  INFO 26597 --- [main] com.zaxxer.hikari.HikariDataSource       : HikariPool-1 - Start completed.
2020-08-01 23:07:02.644  INFO 26597 --- [main] o.s.b.a.h2.H2ConsoleAutoConfiguration    : H2 console available at '/h2-console'. Database available at 'jdbc:h2:mem:testdb'
2020-08-01 23:07:02.700  WARN 26597 --- [main] JpaBaseConfiguration$JpaWebConfiguration : spring.jpa.open-in-view is enabled by default. Therefore, database queries may be performed during view rendering. Explicitly configure spring.jpa.open-in-view to disable this warning
2020-08-01 23:07:02.739  INFO 26597 --- [main] o.s.s.concurrent.ThreadPoolTaskExecutor  : Initializing ExecutorService 'applicationTaskExecutor'
2020-08-01 23:07:02.813  INFO 26597 --- [task-1] o.hibernate.jpa.internal.util.LogHelper  : HHH000204: Processing PersistenceUnitInfo [name: default]
2020-08-01 23:07:02.855  INFO 26597 --- [task-1] org.hibernate.Version                    : HHH000412: Hibernate ORM core version 5.4.18.Final
2020-08-01 23:07:02.972  INFO 26597 --- [task-1] o.hibernate.annotations.common.Version   : HCANN000001: Hibernate Commons Annotations {5.1.0.Final}
2020-08-01 23:07:03.069  INFO 26597 --- [task-1] org.hibernate.dialect.Dialect            : HHH000400: Using dialect: org.hibernate.dialect.H2Dialect
2020-08-01 23:07:03.111  INFO 26597 --- [main] o.s.s.web.DefaultSecurityFilterChain     : Creating filter chain: any request, [org.springframework.security.web.context.request.async.WebAsyncManagerIntegrationFilter@20801cbb, org.springframework.security.web.context.SecurityContextPersistenceFilter@3a7b2e2, org.springframework.security.web.header.HeaderWriterFilter@7b2bf745, org.springframework.security.web.csrf.CsrfFilter@64bebd55, org.springframework.security.web.authentication.logout.LogoutFilter@29bcf51d, com.hoang.config.JwtAuthenticationFilter@36aab105, org.springframework.security.web.savedrequest.RequestCacheAwareFilter@2921a36a, org.springframework.security.web.servletapi.SecurityContextHolderAwareRequestFilter@28279a49, org.springframework.security.web.authentication.AnonymousAuthenticationFilter@581b1c08, org.springframework.security.web.session.SessionManagementFilter@7d8cf9ac, org.springframework.security.web.access.ExceptionTranslationFilter@373052b5, org.springframework.security.web.access.intercept.FilterSecurityInterceptor@151ab2b9]
2020-08-01 23:07:03.389  INFO 26597 --- [task-1] org.hibernate.tuple.PojoInstantiator     : HHH000182: No default (no-argument) constructor for class: com.hoang.entity.User (class must be instantiated by Interceptor)
2020-08-01 23:07:03.455  INFO 26597 --- [main] o.s.b.w.embedded.tomcat.TomcatWebServer  : Tomcat started on port(s): 8080 (http) with context path ''
2020-08-01 23:07:03.456  INFO 26597 --- [main] DeferredRepositoryInitializationListener : Triggering deferred initialization of Spring Data repositories…
2020-08-01 23:07:03.648  INFO 26597 --- [task-1] o.h.e.t.j.p.i.JtaPlatformInitiator       : HHH000490: Using JtaPlatform implementation: [org.hibernate.engine.transaction.jta.platform.internal.NoJtaPlatform]
2020-08-01 23:07:03.657  INFO 26597 --- [task-1] j.LocalContainerEntityManagerFactoryBean : Initialized JPA EntityManagerFactory for persistence unit 'default'
2020-08-01 23:07:03.870  INFO 26597 --- [main] DeferredRepositoryInitializationListener : Spring Data repositories initialized!
2020-08-01 23:07:03.879  INFO 26597 --- [main] com.hoang.FreelancerApplication          : Started FreelancerApplication in 3.064 seconds (JVM running for 4.364)
2020-08-01 23:07:08.782  INFO 26597 --- [http-nio-8080-exec-1] o.a.c.c.C.[Tomcat].[localhost].[/]       : Initializing Spring DispatcherServlet 'dispatcherServlet'
2020-08-01 23:07:08.782  INFO 26597 --- [http-nio-8080-exec-1] o.s.web.servlet.DispatcherServlet        : Initializing Servlet 'dispatcherServlet'
2020-08-01 23:07:08.787  INFO 26597 --- [http-nio-8080-exec-1] o.s.web.servlet.DispatcherServlet        : Completed initialization in 5 ms
2020-08-01 23:07:21.626 ERROR 26597 --- [http-nio-8080-exec-2] c.h.config.AuthenticationEntryPointCust  : Responding with unauthorized error. Message - Full authentication is required to access this resource
2020-08-01 23:24:43.438  WARN 26597 --- [HikariPool-1 housekeeper] com.zaxxer.hikari.pool.HikariPool        : HikariPool-1 - Thread starvation or clock leap detected (housekeeper delta=17m40s725ms717µs626ns).
2020-08-01 23:24:43.482  INFO 26597 --- [SpringContextShutdownHook] j.LocalContainerEntityManagerFactoryBean : Closing JPA EntityManagerFactory for persistence unit 'default'
2020-08-01 23:24:43.485  INFO 26597 --- [SpringContextShutdownHook] o.s.s.concurrent.ThreadPoolTaskExecutor  : Shutting down ExecutorService 'applicationTaskExecutor'
2020-08-01 23:24:43.485  INFO 26597 --- [SpringContextShutdownHook] com.zaxxer.hikari.HikariDataSource       : HikariPool-1 - Shutdown initiated...
2020-08-01 23:24:43.486  INFO 26597 --- [SpringContextShutdownHook] com.zaxxer.hikari.HikariDataSource       : HikariPool-1 - Shutdown completed.
2020-08-01 23:24:46.339  INFO 27917 --- [main] com.hoang.FreelancerApplication          : Starting FreelancerApplication on hoangdd with PID 27917 (/home/hoangdd/Public/project_person/jwt/build/classes/java/main started by hoangdd in /home/hoangdd/Public/project_person/jwt)
2020-08-01 23:24:46.343  INFO 27917 --- [main] com.hoang.FreelancerApplication          : No active profile set, falling back to default profiles: default
2020-08-01 23:24:46.959  INFO 27917 --- [main] .s.d.r.c.RepositoryConfigurationDelegate : Bootstrapping Spring Data JPA repositories in DEFERRED mode.
2020-08-01 23:24:47.004  INFO 27917 --- [main] .s.d.r.c.RepositoryConfigurationDelegate : Finished Spring Data repository scanning in 37ms. Found 1 JPA repository interfaces.
2020-08-01 23:24:47.339  INFO 27917 --- [main] o.s.b.w.embedded.tomcat.TomcatWebServer  : Tomcat initialized with port(s): 8080 (http)
2020-08-01 23:24:47.345  INFO 27917 --- [main] o.apache.catalina.core.StandardService   : Starting service [Tomcat]
2020-08-01 23:24:47.345  INFO 27917 --- [main] org.apache.catalina.core.StandardEngine  : Starting Servlet engine: [Apache Tomcat/9.0.37]
2020-08-01 23:24:47.389  INFO 27917 --- [main] o.a.c.c.C.[Tomcat].[localhost].[/]       : Initializing Spring embedded WebApplicationContext
2020-08-01 23:24:47.389  INFO 27917 --- [main] w.s.c.ServletWebServerApplicationContext : Root WebApplicationContext: initialization completed in 963 ms
2020-08-01 23:24:47.423  INFO 27917 --- [main] com.zaxxer.hikari.HikariDataSource       : HikariPool-1 - Starting...
2020-08-01 23:24:47.497  INFO 27917 --- [main] com.zaxxer.hikari.HikariDataSource       : HikariPool-1 - Start completed.
2020-08-01 23:24:47.524  INFO 27917 --- [main] o.s.b.a.h2.H2ConsoleAutoConfiguration    : H2 console available at '/h2-console'. Database available at 'jdbc:h2:mem:testdb'
2020-08-01 23:24:47.571  WARN 27917 --- [main] JpaBaseConfiguration$JpaWebConfiguration : spring.jpa.open-in-view is enabled by default. Therefore, database queries may be performed during view rendering. Explicitly configure spring.jpa.open-in-view to disable this warning
2020-08-01 23:24:47.614  INFO 27917 --- [main] o.s.s.concurrent.ThreadPoolTaskExecutor  : Initializing ExecutorService 'applicationTaskExecutor'
2020-08-01 23:24:47.669  INFO 27917 --- [task-1] o.hibernate.jpa.internal.util.LogHelper  : HHH000204: Processing PersistenceUnitInfo [name: default]
2020-08-01 23:24:47.700  INFO 27917 --- [task-1] org.hibernate.Version                    : HHH000412: Hibernate ORM core version 5.4.18.Final
2020-08-01 23:24:47.795  INFO 27917 --- [task-1] o.hibernate.annotations.common.Version   : HCANN000001: Hibernate Commons Annotations {5.1.0.Final}
2020-08-01 23:24:47.860  INFO 27917 --- [main] o.s.s.web.DefaultSecurityFilterChain     : Creating filter chain: any request, [org.springframework.security.web.context.request.async.WebAsyncManagerIntegrationFilter@35c4697c, org.springframework.security.web.context.SecurityContextPersistenceFilter@55b5cd2b, org.springframework.security.web.header.HeaderWriterFilter@62cba181, org.springframework.security.web.csrf.CsrfFilter@71b6172c, org.springframework.security.web.authentication.logout.LogoutFilter@1526f71, com.hoang.config.JwtAuthenticationFilter@dd2856e, org.springframework.security.web.savedrequest.RequestCacheAwareFilter@51a651c1, org.springframework.security.web.servletapi.SecurityContextHolderAwareRequestFilter@20ead579, org.springframework.security.web.authentication.AnonymousAuthenticationFilter@104dc1a2, org.springframework.security.web.session.SessionManagementFilter@479ac2cb, org.springframework.security.web.access.ExceptionTranslationFilter@6f825516, org.springframework.security.web.access.intercept.FilterSecurityInterceptor@6707a4bf]
2020-08-01 23:24:47.866  INFO 27917 --- [task-1] org.hibernate.dialect.Dialect            : HHH000400: Using dialect: org.hibernate.dialect.H2Dialect
2020-08-01 23:24:48.134  INFO 27917 --- [task-1] org.hibernate.tuple.PojoInstantiator     : HHH000182: No default (no-argument) constructor for class: com.hoang.entity.User (class must be instantiated by Interceptor)
2020-08-01 23:24:48.136  INFO 27917 --- [main] o.s.b.w.embedded.tomcat.TomcatWebServer  : Tomcat started on port(s): 8080 (http) with context path ''
2020-08-01 23:24:48.137  INFO 27917 --- [main] DeferredRepositoryInitializationListener : Triggering deferred initialization of Spring Data repositories…
2020-08-01 23:24:48.301  INFO 27917 --- [task-1] o.h.e.t.j.p.i.JtaPlatformInitiator       : HHH000490: Using JtaPlatform implementation: [org.hibernate.engine.transaction.jta.platform.internal.NoJtaPlatform]
2020-08-01 23:24:48.307  INFO 27917 --- [task-1] j.LocalContainerEntityManagerFactoryBean : Initialized JPA EntityManagerFactory for persistence unit 'default'
2020-08-01 23:24:48.460  INFO 27917 --- [main] DeferredRepositoryInitializationListener : Spring Data repositories initialized!
2020-08-01 23:24:48.468  INFO 27917 --- [main] com.hoang.FreelancerApplication          : Started FreelancerApplication in 2.588 seconds (JVM running for 3.186)
2020-08-01 23:26:53.370  INFO 27917 --- [http-nio-8080-exec-5] o.a.c.c.C.[Tomcat].[localhost].[/]       : Initializing Spring DispatcherServlet 'dispatcherServlet'
2020-08-01 23:26:53.370  INFO 27917 --- [http-nio-8080-exec-5] o.s.web.servlet.DispatcherServlet        : Initializing Servlet 'dispatcherServlet'
2020-08-01 23:26:53.375  INFO 27917 --- [http-nio-8080-exec-5] o.s.web.servlet.DispatcherServlet        : Completed initialization in 5 ms
2020-08-01 23:26:57.838 ERROR 27917 --- [http-nio-8080-exec-5] c.h.config.AuthenticationEntryPointCust  : Responding with unauthorized error. Message - Full authentication is required to access this resource
2020-08-01 23:27:14.538 ERROR 27917 --- [http-nio-8080-exec-6] c.h.config.AuthenticationEntryPointCust  : Responding with unauthorized error. Message - Full authentication is required to access this resource
2020-08-01 23:27:25.420 ERROR 27917 --- [http-nio-8080-exec-3] c.h.config.AuthenticationEntryPointCust  : Responding with unauthorized error. Message - Full authentication is required to access this resource
2020-08-01 23:27:29.104 ERROR 27917 --- [http-nio-8080-exec-4] c.h.config.AuthenticationEntryPointCust  : Responding with unauthorized error. Message - Full authentication is required to access this resource
2020-08-01 23:28:39.915 ERROR 27917 --- [http-nio-8080-exec-10] c.h.config.AuthenticationEntryPointCust  : Responding with unauthorized error. Message - Full authentication is required to access this resource
2020-08-01 23:30:24.450 ERROR 27917 --- [http-nio-8080-exec-3] c.h.config.AuthenticationEntryPointCust  : Responding with unauthorized error. Message - Full authentication is required to access this resource
2020-08-01 23:30:38.640 ERROR 27917 --- [http-nio-8080-exec-4] c.h.config.AuthenticationEntryPointCust  : Responding with unauthorized error. Message - Full authentication is required to access this resource
2020-08-01 23:30:42.512 ERROR 27917 --- [http-nio-8080-exec-5] c.h.config.AuthenticationEntryPointCust  : Responding with unauthorized error. Message - Full authentication is required to access this resource
2020-08-01 23:31:33.028 ERROR 27917 --- [http-nio-8080-exec-7] c.h.config.AuthenticationEntryPointCust  : Responding with unauthorized error. Message - Full authentication is required to access this resource
2020-08-01 23:31:34.735 ERROR 27917 --- [http-nio-8080-exec-8] c.h.config.AuthenticationEntryPointCust  : Responding with unauthorized error. Message - Full authentication is required to access this resource
2020-08-01 23:31:42.678 ERROR 27917 --- [http-nio-8080-exec-9] c.h.config.AuthenticationEntryPointCust  : Responding with unauthorized error. Message - Full authentication is required to access this resource
2020-08-01 23:31:58.938 ERROR 27917 --- [http-nio-8080-exec-1] c.h.config.AuthenticationEntryPointCust  : Responding with unauthorized error. Message - Full authentication is required to access this resource
2020-08-01 23:32:44.852 ERROR 27917 --- [http-nio-8080-exec-6] c.h.config.AuthenticationEntryPointCust  : Responding with unauthorized error. Message - Full authentication is required to access this resource
2020-08-01 23:33:01.662 ERROR 27917 --- [http-nio-8080-exec-7] c.h.config.AuthenticationEntryPointCust  : Responding with unauthorized error. Message - Full authentication is required to access this resource
2020-08-01 23:33:18.679  INFO 27917 --- [SpringContextShutdownHook] j.LocalContainerEntityManagerFactoryBean : Closing JPA EntityManagerFactory for persistence unit 'default'
2020-08-01 23:33:18.681  INFO 27917 --- [SpringContextShutdownHook] o.s.s.concurrent.ThreadPoolTaskExecutor  : Shutting down ExecutorService 'applicationTaskExecutor'
2020-08-01 23:33:18.681  INFO 27917 --- [SpringContextShutdownHook] com.zaxxer.hikari.HikariDataSource       : HikariPool-1 - Shutdown initiated...
2020-08-01 23:33:18.682  INFO 27917 --- [SpringContextShutdownHook] com.zaxxer.hikari.HikariDataSource       : HikariPool-1 - Shutdown completed.
2020-08-01 23:33:21.854  INFO 28804 --- [main] com.hoang.FreelancerApplication          : Starting FreelancerApplication on hoangdd with PID 28804 (/home/hoangdd/Public/project_person/jwt/build/classes/java/main started by hoangdd in /home/hoangdd/Public/project_person/jwt)
2020-08-01 23:33:21.861  INFO 28804 --- [main] com.hoang.FreelancerApplication          : No active profile set, falling back to default profiles: default
2020-08-01 23:33:22.278  INFO 28804 --- [main] .s.d.r.c.RepositoryConfigurationDelegate : Bootstrapping Spring Data JPA repositories in DEFERRED mode.
2020-08-01 23:33:22.320  INFO 28804 --- [main] .s.d.r.c.RepositoryConfigurationDelegate : Finished Spring Data repository scanning in 36ms. Found 1 JPA repository interfaces.
2020-08-01 23:33:22.650  INFO 28804 --- [main] o.s.b.w.embedded.tomcat.TomcatWebServer  : Tomcat initialized with port(s): 8080 (http)
2020-08-01 23:33:22.655  INFO 28804 --- [main] o.apache.catalina.core.StandardService   : Starting service [Tomcat]
2020-08-01 23:33:22.655  INFO 28804 --- [main] org.apache.catalina.core.StandardEngine  : Starting Servlet engine: [Apache Tomcat/9.0.37]
2020-08-01 23:33:22.696  INFO 28804 --- [main] o.a.c.c.C.[Tomcat].[localhost].[/]       : Initializing Spring embedded WebApplicationContext
2020-08-01 23:33:22.697  INFO 28804 --- [main] w.s.c.ServletWebServerApplicationContext : Root WebApplicationContext: initialization completed in 808 ms
2020-08-01 23:33:22.730  INFO 28804 --- [main] com.zaxxer.hikari.HikariDataSource       : HikariPool-1 - Starting...
2020-08-01 23:33:22.801  INFO 28804 --- [main] com.zaxxer.hikari.HikariDataSource       : HikariPool-1 - Start completed.
2020-08-01 23:33:22.822  INFO 28804 --- [main] o.s.b.a.h2.H2ConsoleAutoConfiguration    : H2 console available at '/h2-console'. Database available at 'jdbc:h2:mem:testdb'
2020-08-01 23:33:22.860  WARN 28804 --- [main] JpaBaseConfiguration$JpaWebConfiguration : spring.jpa.open-in-view is enabled by default. Therefore, database queries may be performed during view rendering. Explicitly configure spring.jpa.open-in-view to disable this warning
2020-08-01 23:33:22.892  INFO 28804 --- [main] o.s.s.concurrent.ThreadPoolTaskExecutor  : Initializing ExecutorService 'applicationTaskExecutor'
2020-08-01 23:33:22.954  INFO 28804 --- [task-1] o.hibernate.jpa.internal.util.LogHelper  : HHH000204: Processing PersistenceUnitInfo [name: default]
2020-08-01 23:33:22.983  INFO 28804 --- [task-1] org.hibernate.Version                    : HHH000412: Hibernate ORM core version 5.4.18.Final
2020-08-01 23:33:23.063  INFO 28804 --- [task-1] o.hibernate.annotations.common.Version   : HCANN000001: Hibernate Commons Annotations {5.1.0.Final}
2020-08-01 23:33:25.958  INFO 28804 --- [main] o.s.s.web.DefaultSecurityFilterChain     : Creating filter chain: any request, [org.springframework.security.web.context.request.async.WebAsyncManagerIntegrationFilter@1cd43562, org.springframework.security.web.context.SecurityContextPersistenceFilter@101ca8da, org.springframework.security.web.header.HeaderWriterFilter@3408f695, org.springframework.security.web.csrf.CsrfFilter@18a19e, org.springframework.security.web.authentication.logout.LogoutFilter@2abbd0d9, com.hoang.config.JwtAuthenticationFilter@7c3e4b1a, org.springframework.security.web.savedrequest.RequestCacheAwareFilter@405b6d75, org.springframework.security.web.servletapi.SecurityContextHolderAwareRequestFilter@74606204, org.springframework.security.web.authentication.AnonymousAuthenticationFilter@59939293, org.springframework.security.web.session.SessionManagementFilter@70721c12, org.springframework.security.web.access.ExceptionTranslationFilter@6cd15072, org.springframework.security.web.access.intercept.FilterSecurityInterceptor@22d322f5]
2020-08-01 23:33:25.965  INFO 28804 --- [task-1] org.hibernate.dialect.Dialect            : HHH000400: Using dialect: org.hibernate.dialect.H2Dialect
2020-08-01 23:33:26.195  INFO 28804 --- [main] o.s.b.w.embedded.tomcat.TomcatWebServer  : Tomcat started on port(s): 8080 (http) with context path ''
2020-08-01 23:33:26.196  INFO 28804 --- [main] DeferredRepositoryInitializationListener : Triggering deferred initialization of Spring Data repositories…
2020-08-01 23:33:26.207  INFO 28804 --- [task-1] org.hibernate.tuple.PojoInstantiator     : HHH000182: No default (no-argument) constructor for class: com.hoang.entity.User (class must be instantiated by Interceptor)
2020-08-01 23:33:26.365  INFO 28804 --- [task-1] o.h.e.t.j.p.i.JtaPlatformInitiator       : HHH000490: Using JtaPlatform implementation: [org.hibernate.engine.transaction.jta.platform.internal.NoJtaPlatform]
2020-08-01 23:33:26.370  INFO 28804 --- [task-1] j.LocalContainerEntityManagerFactoryBean : Initialized JPA EntityManagerFactory for persistence unit 'default'
2020-08-01 23:33:26.529  INFO 28804 --- [main] DeferredRepositoryInitializationListener : Spring Data repositories initialized!
2020-08-01 23:33:26.535  INFO 28804 --- [main] com.hoang.FreelancerApplication          : Started FreelancerApplication in 4.928 seconds (JVM running for 5.334)
2020-08-01 23:33:29.879  INFO 28804 --- [http-nio-8080-exec-1] o.a.c.c.C.[Tomcat].[localhost].[/]       : Initializing Spring DispatcherServlet 'dispatcherServlet'
2020-08-01 23:33:29.880  INFO 28804 --- [http-nio-8080-exec-1] o.s.web.servlet.DispatcherServlet        : Initializing Servlet 'dispatcherServlet'
2020-08-01 23:33:29.884  INFO 28804 --- [http-nio-8080-exec-1] o.s.web.servlet.DispatcherServlet        : Completed initialization in 4 ms
2020-08-01 23:36:48.368  INFO 28804 --- [SpringContextShutdownHook] j.LocalContainerEntityManagerFactoryBean : Closing JPA EntityManagerFactory for persistence unit 'default'
2020-08-01 23:36:48.370  INFO 28804 --- [SpringContextShutdownHook] o.s.s.concurrent.ThreadPoolTaskExecutor  : Shutting down ExecutorService 'applicationTaskExecutor'
2020-08-01 23:36:48.370  INFO 28804 --- [SpringContextShutdownHook] com.zaxxer.hikari.HikariDataSource       : HikariPool-1 - Shutdown initiated...
2020-08-01 23:36:48.371  INFO 28804 --- [SpringContextShutdownHook] com.zaxxer.hikari.HikariDataSource       : HikariPool-1 - Shutdown completed.
2020-08-01 23:36:50.284  INFO 29250 --- [main] com.hoang.FreelancerApplication          : Starting FreelancerApplication on hoangdd with PID 29250 (/home/hoangdd/Public/project_person/jwt/build/classes/java/main started by hoangdd in /home/hoangdd/Public/project_person/jwt)
2020-08-01 23:36:50.286  INFO 29250 --- [main] com.hoang.FreelancerApplication          : No active profile set, falling back to default profiles: default
2020-08-01 23:36:50.692  INFO 29250 --- [main] .s.d.r.c.RepositoryConfigurationDelegate : Bootstrapping Spring Data JPA repositories in DEFERRED mode.
2020-08-01 23:36:50.734  INFO 29250 --- [main] .s.d.r.c.RepositoryConfigurationDelegate : Finished Spring Data repository scanning in 36ms. Found 1 JPA repository interfaces.
2020-08-01 23:36:51.059  INFO 29250 --- [main] o.s.b.w.embedded.tomcat.TomcatWebServer  : Tomcat initialized with port(s): 8080 (http)
2020-08-01 23:36:51.064  INFO 29250 --- [main] o.apache.catalina.core.StandardService   : Starting service [Tomcat]
2020-08-01 23:36:51.065  INFO 29250 --- [main] org.apache.catalina.core.StandardEngine  : Starting Servlet engine: [Apache Tomcat/9.0.37]
2020-08-01 23:36:51.105  INFO 29250 --- [main] o.a.c.c.C.[Tomcat].[localhost].[/]       : Initializing Spring embedded WebApplicationContext
2020-08-01 23:36:51.105  INFO 29250 --- [main] w.s.c.ServletWebServerApplicationContext : Root WebApplicationContext: initialization completed in 792 ms
2020-08-01 23:36:51.137  INFO 29250 --- [main] com.zaxxer.hikari.HikariDataSource       : HikariPool-1 - Starting...
2020-08-01 23:36:51.206  INFO 29250 --- [main] com.zaxxer.hikari.HikariDataSource       : HikariPool-1 - Start completed.
2020-08-01 23:36:51.230  INFO 29250 --- [main] o.s.b.a.h2.H2ConsoleAutoConfiguration    : H2 console available at '/h2-console'. Database available at 'jdbc:h2:mem:testdb'
2020-08-01 23:36:51.267  WARN 29250 --- [main] JpaBaseConfiguration$JpaWebConfiguration : spring.jpa.open-in-view is enabled by default. Therefore, database queries may be performed during view rendering. Explicitly configure spring.jpa.open-in-view to disable this warning
2020-08-01 23:36:51.308  INFO 29250 --- [main] o.s.s.concurrent.ThreadPoolTaskExecutor  : Initializing ExecutorService 'applicationTaskExecutor'
2020-08-01 23:36:51.364  INFO 29250 --- [task-1] o.hibernate.jpa.internal.util.LogHelper  : HHH000204: Processing PersistenceUnitInfo [name: default]
2020-08-01 23:36:51.398  INFO 29250 --- [task-1] org.hibernate.Version                    : HHH000412: Hibernate ORM core version 5.4.18.Final
2020-08-01 23:36:51.481  INFO 29250 --- [task-1] o.hibernate.annotations.common.Version   : HCANN000001: Hibernate Commons Annotations {5.1.0.Final}
2020-08-01 23:36:55.741  INFO 29250 --- [main] o.s.s.web.DefaultSecurityFilterChain     : Creating filter chain: any request, [org.springframework.security.web.context.request.async.WebAsyncManagerIntegrationFilter@4d4436d0, org.springframework.security.web.context.SecurityContextPersistenceFilter@21ea996f, org.springframework.security.web.header.HeaderWriterFilter@2233cac0, org.springframework.security.web.csrf.CsrfFilter@570ba13, org.springframework.security.web.authentication.logout.LogoutFilter@5934153e, com.hoang.config.JwtAuthenticationFilter@34208baa, org.springframework.security.web.savedrequest.RequestCacheAwareFilter@2f79f192, org.springframework.security.web.servletapi.SecurityContextHolderAwareRequestFilter@6d6f6860, org.springframework.security.web.authentication.AnonymousAuthenticationFilter@39da5e49, org.springframework.security.web.session.SessionManagementFilter@796d33eb, org.springframework.security.web.access.ExceptionTranslationFilter@d325518, org.springframework.security.web.access.intercept.FilterSecurityInterceptor@4ea56bdb]
2020-08-01 23:36:55.754  INFO 29250 --- [task-1] org.hibernate.dialect.Dialect            : HHH000400: Using dialect: org.hibernate.dialect.H2Dialect
2020-08-01 23:36:55.969  INFO 29250 --- [main] o.s.b.w.embedded.tomcat.TomcatWebServer  : Tomcat started on port(s): 8080 (http) with context path ''
2020-08-01 23:36:55.970  INFO 29250 --- [main] DeferredRepositoryInitializationListener : Triggering deferred initialization of Spring Data repositories…
2020-08-01 23:36:55.984  INFO 29250 --- [task-1] org.hibernate.tuple.PojoInstantiator     : HHH000182: No default (no-argument) constructor for class: com.hoang.entity.User (class must be instantiated by Interceptor)
2020-08-01 23:36:56.144  INFO 29250 --- [task-1] o.h.e.t.j.p.i.JtaPlatformInitiator       : HHH000490: Using JtaPlatform implementation: [org.hibernate.engine.transaction.jta.platform.internal.NoJtaPlatform]
2020-08-01 23:36:56.149  INFO 29250 --- [task-1] j.LocalContainerEntityManagerFactoryBean : Initialized JPA EntityManagerFactory for persistence unit 'default'
2020-08-01 23:36:56.291  INFO 29250 --- [main] DeferredRepositoryInitializationListener : Spring Data repositories initialized!
2020-08-01 23:36:56.297  INFO 29250 --- [main] com.hoang.FreelancerApplication          : Started FreelancerApplication in 6.261 seconds (JVM running for 6.678)
2020-08-01 23:37:07.300  INFO 29250 --- [http-nio-8080-exec-1] o.a.c.c.C.[Tomcat].[localhost].[/]       : Initializing Spring DispatcherServlet 'dispatcherServlet'
2020-08-01 23:37:07.300  INFO 29250 --- [http-nio-8080-exec-1] o.s.web.servlet.DispatcherServlet        : Initializing Servlet 'dispatcherServlet'
2020-08-01 23:37:07.304  INFO 29250 --- [http-nio-8080-exec-1] o.s.web.servlet.DispatcherServlet        : Completed initialization in 4 ms
2020-08-01 23:37:07.311 ERROR 29250 --- [http-nio-8080-exec-1] c.h.config.AuthenticationEntryPointCust  : Responding with unauthorized error. Message - Full authentication is required to access this resource
2020-08-01 23:42:09.005  INFO 29250 --- [SpringContextShutdownHook] j.LocalContainerEntityManagerFactoryBean : Closing JPA EntityManagerFactory for persistence unit 'default'
2020-08-01 23:42:09.007  INFO 29250 --- [SpringContextShutdownHook] o.s.s.concurrent.ThreadPoolTaskExecutor  : Shutting down ExecutorService 'applicationTaskExecutor'
2020-08-01 23:42:09.007  INFO 29250 --- [SpringContextShutdownHook] com.zaxxer.hikari.HikariDataSource       : HikariPool-1 - Shutdown initiated...
2020-08-01 23:42:09.008  INFO 29250 --- [SpringContextShutdownHook] com.zaxxer.hikari.HikariDataSource       : HikariPool-1 - Shutdown completed.
2020-08-01 23:42:11.007  INFO 29978 --- [main] com.hoang.FreelancerApplication          : Starting FreelancerApplication on hoangdd with PID 29978 (/home/hoangdd/Public/project_person/jwt/build/classes/java/main started by hoangdd in /home/hoangdd/Public/project_person/jwt)
2020-08-01 23:42:11.009  INFO 29978 --- [main] com.hoang.FreelancerApplication          : No active profile set, falling back to default profiles: default
2020-08-01 23:42:11.421  INFO 29978 --- [main] .s.d.r.c.RepositoryConfigurationDelegate : Bootstrapping Spring Data JPA repositories in DEFERRED mode.
2020-08-01 23:42:11.462  INFO 29978 --- [main] .s.d.r.c.RepositoryConfigurationDelegate : Finished Spring Data repository scanning in 35ms. Found 1 JPA repository interfaces.
2020-08-01 23:42:11.774  INFO 29978 --- [main] o.s.b.w.embedded.tomcat.TomcatWebServer  : Tomcat initialized with port(s): 8080 (http)
2020-08-01 23:42:11.779  INFO 29978 --- [main] o.apache.catalina.core.StandardService   : Starting service [Tomcat]
2020-08-01 23:42:11.779  INFO 29978 --- [main] org.apache.catalina.core.StandardEngine  : Starting Servlet engine: [Apache Tomcat/9.0.37]
2020-08-01 23:42:11.817  INFO 29978 --- [main] o.a.c.c.C.[Tomcat].[localhost].[/]       : Initializing Spring embedded WebApplicationContext
2020-08-01 23:42:11.818  INFO 29978 --- [main] w.s.c.ServletWebServerApplicationContext : Root WebApplicationContext: initialization completed in 782 ms
2020-08-01 23:42:11.847  INFO 29978 --- [main] com.zaxxer.hikari.HikariDataSource       : HikariPool-1 - Starting...
2020-08-01 23:42:11.920  INFO 29978 --- [main] com.zaxxer.hikari.HikariDataSource       : HikariPool-1 - Start completed.
2020-08-01 23:42:11.941  INFO 29978 --- [main] o.s.b.a.h2.H2ConsoleAutoConfiguration    : H2 console available at '/h2-console'. Database available at 'jdbc:h2:mem:testdb'
2020-08-01 23:42:11.976  WARN 29978 --- [main] JpaBaseConfiguration$JpaWebConfiguration : spring.jpa.open-in-view is enabled by default. Therefore, database queries may be performed during view rendering. Explicitly configure spring.jpa.open-in-view to disable this warning
2020-08-01 23:42:12.015  INFO 29978 --- [main] o.s.s.concurrent.ThreadPoolTaskExecutor  : Initializing ExecutorService 'applicationTaskExecutor'
2020-08-01 23:42:12.075  INFO 29978 --- [task-1] o.hibernate.jpa.internal.util.LogHelper  : HHH000204: Processing PersistenceUnitInfo [name: default]
2020-08-01 23:42:12.102  INFO 29978 --- [task-1] org.hibernate.Version                    : HHH000412: Hibernate ORM core version 5.4.18.Final
2020-08-01 23:42:12.178  INFO 29978 --- [task-1] o.hibernate.annotations.common.Version   : HCANN000001: Hibernate Commons Annotations {5.1.0.Final}
2020-08-01 23:42:12.239  INFO 29978 --- [main] o.s.s.web.DefaultSecurityFilterChain     : Creating filter chain: any request, [org.springframework.security.web.context.request.async.WebAsyncManagerIntegrationFilter@422ab737, org.springframework.security.web.context.SecurityContextPersistenceFilter@b5c6a30, org.springframework.security.web.header.HeaderWriterFilter@6f5d0190, org.springframework.security.web.csrf.CsrfFilter@38f981b6, org.springframework.security.web.authentication.logout.LogoutFilter@3730f716, com.hoang.config.JwtAuthenticationFilter@3b4825f0, org.springframework.security.web.savedrequest.RequestCacheAwareFilter@1775c4e7, org.springframework.security.web.servletapi.SecurityContextHolderAwareRequestFilter@40d52be7, org.springframework.security.web.authentication.AnonymousAuthenticationFilter@3fe512d2, org.springframework.security.web.session.SessionManagementFilter@1ca610a0, org.springframework.security.web.access.ExceptionTranslationFilter@789c3057, org.springframework.security.web.access.intercept.FilterSecurityInterceptor@2f20f7ad]
2020-08-01 23:42:12.243  INFO 29978 --- [task-1] org.hibernate.dialect.Dialect            : HHH000400: Using dialect: org.hibernate.dialect.H2Dialect
2020-08-01 23:42:12.455  INFO 29978 --- [main] o.s.b.w.embedded.tomcat.TomcatWebServer  : Tomcat started on port(s): 8080 (http) with context path ''
2020-08-01 23:42:12.455  INFO 29978 --- [main] DeferredRepositoryInitializationListener : Triggering deferred initialization of Spring Data repositories…
2020-08-01 23:42:12.465  INFO 29978 --- [task-1] org.hibernate.tuple.PojoInstantiator     : HHH000182: No default (no-argument) constructor for class: com.hoang.entity.User (class must be instantiated by Interceptor)
2020-08-01 23:42:12.625  INFO 29978 --- [task-1] o.h.e.t.j.p.i.JtaPlatformInitiator       : HHH000490: Using JtaPlatform implementation: [org.hibernate.engine.transaction.jta.platform.internal.NoJtaPlatform]
2020-08-01 23:42:12.630  INFO 29978 --- [task-1] j.LocalContainerEntityManagerFactoryBean : Initialized JPA EntityManagerFactory for persistence unit 'default'
2020-08-01 23:42:12.776  INFO 29978 --- [main] DeferredRepositoryInitializationListener : Spring Data repositories initialized!
2020-08-01 23:42:12.783  INFO 29978 --- [main] com.hoang.FreelancerApplication          : Started FreelancerApplication in 2.013 seconds (JVM running for 2.418)
2020-08-01 23:42:18.777  INFO 29978 --- [http-nio-8080-exec-1] o.a.c.c.C.[Tomcat].[localhost].[/]       : Initializing Spring DispatcherServlet 'dispatcherServlet'
2020-08-01 23:42:18.777  INFO 29978 --- [http-nio-8080-exec-1] o.s.web.servlet.DispatcherServlet        : Initializing Servlet 'dispatcherServlet'
2020-08-01 23:42:18.781  INFO 29978 --- [http-nio-8080-exec-1] o.s.web.servlet.DispatcherServlet        : Completed initialization in 4 ms
2020-08-01 23:42:18.788 ERROR 29978 --- [http-nio-8080-exec-1] c.h.config.AuthenticationEntryPointCust  : Responding with unauthorized error. Message - Full authentication is required to access this resource
2020-08-01 23:42:19.774 ERROR 29978 --- [http-nio-8080-exec-2] c.h.config.AuthenticationEntryPointCust  : Responding with unauthorized error. Message - Full authentication is required to access this resource
2020-08-01 23:42:26.092 ERROR 29978 --- [http-nio-8080-exec-3] c.h.config.AuthenticationEntryPointCust  : Responding with unauthorized error. Message - Full authentication is required to access this resource
2020-08-01 23:42:42.297  INFO 29978 --- [SpringContextShutdownHook] j.LocalContainerEntityManagerFactoryBean : Closing JPA EntityManagerFactory for persistence unit 'default'
2020-08-01 23:42:42.298  INFO 29978 --- [SpringContextShutdownHook] o.s.s.concurrent.ThreadPoolTaskExecutor  : Shutting down ExecutorService 'applicationTaskExecutor'
2020-08-01 23:42:42.299  INFO 29978 --- [SpringContextShutdownHook] com.zaxxer.hikari.HikariDataSource       : HikariPool-1 - Shutdown initiated...
2020-08-01 23:42:42.300  INFO 29978 --- [SpringContextShutdownHook] com.zaxxer.hikari.HikariDataSource       : HikariPool-1 - Shutdown completed.
2020-08-01 23:42:44.314  INFO 30128 --- [main] com.hoang.FreelancerApplication          : Starting FreelancerApplication on hoangdd with PID 30128 (/home/hoangdd/Public/project_person/jwt/build/classes/java/main started by hoangdd in /home/hoangdd/Public/project_person/jwt)
2020-08-01 23:42:44.317  INFO 30128 --- [main] com.hoang.FreelancerApplication          : No active profile set, falling back to default profiles: default
2020-08-01 23:42:44.829  INFO 30128 --- [main] .s.d.r.c.RepositoryConfigurationDelegate : Bootstrapping Spring Data JPA repositories in DEFERRED mode.
2020-08-01 23:42:44.876  INFO 30128 --- [main] .s.d.r.c.RepositoryConfigurationDelegate : Finished Spring Data repository scanning in 40ms. Found 1 JPA repository interfaces.
2020-08-01 23:42:45.197  INFO 30128 --- [main] o.s.b.w.embedded.tomcat.TomcatWebServer  : Tomcat initialized with port(s): 8080 (http)
2020-08-01 23:42:45.203  INFO 30128 --- [main] o.apache.catalina.core.StandardService   : Starting service [Tomcat]
2020-08-01 23:42:45.203  INFO 30128 --- [main] org.apache.catalina.core.StandardEngine  : Starting Servlet engine: [Apache Tomcat/9.0.37]
2020-08-01 23:42:45.243  INFO 30128 --- [main] o.a.c.c.C.[Tomcat].[localhost].[/]       : Initializing Spring embedded WebApplicationContext
2020-08-01 23:42:45.244  INFO 30128 --- [main] w.s.c.ServletWebServerApplicationContext : Root WebApplicationContext: initialization completed in 877 ms
2020-08-01 23:42:45.275  INFO 30128 --- [main] com.zaxxer.hikari.HikariDataSource       : HikariPool-1 - Starting...
2020-08-01 23:42:45.349  INFO 30128 --- [main] com.zaxxer.hikari.HikariDataSource       : HikariPool-1 - Start completed.
2020-08-01 23:42:45.371  INFO 30128 --- [main] o.s.b.a.h2.H2ConsoleAutoConfiguration    : H2 console available at '/h2-console'. Database available at 'jdbc:h2:mem:testdb'
2020-08-01 23:42:45.409  WARN 30128 --- [main] JpaBaseConfiguration$JpaWebConfiguration : spring.jpa.open-in-view is enabled by default. Therefore, database queries may be performed during view rendering. Explicitly configure spring.jpa.open-in-view to disable this warning
2020-08-01 23:42:45.449  INFO 30128 --- [main] o.s.s.concurrent.ThreadPoolTaskExecutor  : Initializing ExecutorService 'applicationTaskExecutor'
2020-08-01 23:42:45.508  INFO 30128 --- [task-1] o.hibernate.jpa.internal.util.LogHelper  : HHH000204: Processing PersistenceUnitInfo [name: default]
2020-08-01 23:42:45.544  INFO 30128 --- [task-1] org.hibernate.Version                    : HHH000412: Hibernate ORM core version 5.4.18.Final
2020-08-01 23:42:45.594  WARN 30128 --- [main] ConfigServletWebServerApplicationContext : Exception encountered during context initialization - cancelling refresh attempt: org.springframework.beans.factory.UnsatisfiedDependencyException: Error creating bean with name 'userController' defined in file [/home/hoangdd/Public/project_person/jwt/build/classes/java/main/com/hoang/controller/UserController.class]: Unsatisfied dependency expressed through constructor parameter 0; nested exception is org.springframework.beans.factory.UnsatisfiedDependencyException: Error creating bean with name 'userServiceImpl': Unsatisfied dependency expressed through field 'authenticationManager'; nested exception is org.springframework.beans.factory.NoSuchBeanDefinitionException: No qualifying bean of type 'org.springframework.security.authentication.AuthenticationManager' available: expected at least 1 bean which qualifies as autowire candidate. Dependency annotations: {@org.springframework.beans.factory.annotation.Autowired(required=true)}
2020-08-01 23:42:45.594  INFO 30128 --- [main] j.LocalContainerEntityManagerFactoryBean : Closing JPA EntityManagerFactory for persistence unit 'default'
2020-08-01 23:42:45.632  INFO 30128 --- [task-1] o.hibernate.annotations.common.Version   : HCANN000001: Hibernate Commons Annotations {5.1.0.Final}
2020-08-01 23:42:45.694  INFO 30128 --- [task-1] org.hibernate.dialect.Dialect            : HHH000400: Using dialect: org.hibernate.dialect.H2Dialect
2020-08-01 23:42:45.898  INFO 30128 --- [task-1] org.hibernate.tuple.PojoInstantiator     : HHH000182: No default (no-argument) constructor for class: com.hoang.entity.User (class must be instantiated by Interceptor)
2020-08-01 23:42:46.088  INFO 30128 --- [task-1] o.h.e.t.j.p.i.JtaPlatformInitiator       : HHH000490: Using JtaPlatform implementation: [org.hibernate.engine.transaction.jta.platform.internal.NoJtaPlatform]
2020-08-01 23:42:46.094  INFO 30128 --- [task-1] j.LocalContainerEntityManagerFactoryBean : Initialized JPA EntityManagerFactory for persistence unit 'default'
2020-08-01 23:42:46.096  INFO 30128 --- [main] o.s.s.concurrent.ThreadPoolTaskExecutor  : Shutting down ExecutorService 'applicationTaskExecutor'
2020-08-01 23:42:46.096  INFO 30128 --- [main] com.zaxxer.hikari.HikariDataSource       : HikariPool-1 - Shutdown initiated...
2020-08-01 23:42:46.098  INFO 30128 --- [main] com.zaxxer.hikari.HikariDataSource       : HikariPool-1 - Shutdown completed.
2020-08-01 23:42:46.099  INFO 30128 --- [main] o.apache.catalina.core.StandardService   : Stopping service [Tomcat]
2020-08-01 23:42:46.108  INFO 30128 --- [main] ConditionEvaluationReportLoggingListener : 

Error starting ApplicationContext. To display the conditions report re-run your application with 'debug' enabled.
2020-08-01 23:42:46.173 ERROR 30128 --- [main] o.s.b.d.LoggingFailureAnalysisReporter   : 

***************************
APPLICATION FAILED TO START
***************************

Description:

Field authenticationManager in com.hoang.service.impl.UserServiceImpl required a bean of type 'org.springframework.security.authentication.AuthenticationManager' that could not be found.


Action:

Consider defining a bean of type 'org.springframework.security.authentication.AuthenticationManager' in your configuration.

2020-08-01 23:45:16.469  INFO 30420 --- [main] com.hoang.FreelancerApplication          : Starting FreelancerApplication on hoangdd with PID 30420 (/home/hoangdd/Public/project_person/jwt/build/classes/java/main started by hoangdd in /home/hoangdd/Public/project_person/jwt)
2020-08-01 23:45:16.472  INFO 30420 --- [main] com.hoang.FreelancerApplication          : No active profile set, falling back to default profiles: default
2020-08-01 23:45:16.908  INFO 30420 --- [main] .s.d.r.c.RepositoryConfigurationDelegate : Bootstrapping Spring Data JPA repositories in DEFERRED mode.
2020-08-01 23:45:16.949  INFO 30420 --- [main] .s.d.r.c.RepositoryConfigurationDelegate : Finished Spring Data repository scanning in 34ms. Found 1 JPA repository interfaces.
2020-08-01 23:45:17.265  INFO 30420 --- [main] o.s.b.w.embedded.tomcat.TomcatWebServer  : Tomcat initialized with port(s): 8080 (http)
2020-08-01 23:45:17.271  INFO 30420 --- [main] o.apache.catalina.core.StandardService   : Starting service [Tomcat]
2020-08-01 23:45:17.271  INFO 30420 --- [main] org.apache.catalina.core.StandardEngine  : Starting Servlet engine: [Apache Tomcat/9.0.37]
2020-08-01 23:45:17.312  INFO 30420 --- [main] o.a.c.c.C.[Tomcat].[localhost].[/]       : Initializing Spring embedded WebApplicationContext
2020-08-01 23:45:17.312  INFO 30420 --- [main] w.s.c.ServletWebServerApplicationContext : Root WebApplicationContext: initialization completed in 808 ms
2020-08-01 23:45:17.343  INFO 30420 --- [main] com.zaxxer.hikari.HikariDataSource       : HikariPool-1 - Starting...
2020-08-01 23:45:17.413  INFO 30420 --- [main] com.zaxxer.hikari.HikariDataSource       : HikariPool-1 - Start completed.
2020-08-01 23:45:17.435  INFO 30420 --- [main] o.s.b.a.h2.H2ConsoleAutoConfiguration    : H2 console available at '/h2-console'. Database available at 'jdbc:h2:mem:testdb'
2020-08-01 23:45:17.472  WARN 30420 --- [main] JpaBaseConfiguration$JpaWebConfiguration : spring.jpa.open-in-view is enabled by default. Therefore, database queries may be performed during view rendering. Explicitly configure spring.jpa.open-in-view to disable this warning
2020-08-01 23:45:17.512  INFO 30420 --- [main] o.s.s.concurrent.ThreadPoolTaskExecutor  : Initializing ExecutorService 'applicationTaskExecutor'
2020-08-01 23:45:17.567  INFO 30420 --- [task-1] o.hibernate.jpa.internal.util.LogHelper  : HHH000204: Processing PersistenceUnitInfo [name: default]
2020-08-01 23:45:17.595  INFO 30420 --- [task-1] org.hibernate.Version                    : HHH000412: Hibernate ORM core version 5.4.18.Final
2020-08-01 23:45:17.675  INFO 30420 --- [task-1] o.hibernate.annotations.common.Version   : HCANN000001: Hibernate Commons Annotations {5.1.0.Final}
2020-08-01 23:45:17.733  INFO 30420 --- [main] o.s.s.web.DefaultSecurityFilterChain     : Creating filter chain: any request, [org.springframework.security.web.context.request.async.WebAsyncManagerIntegrationFilter@5c059a68, org.springframework.security.web.context.SecurityContextPersistenceFilter@6367a688, org.springframework.security.web.header.HeaderWriterFilter@764b14b8, org.springframework.security.web.csrf.CsrfFilter@6b2dd3df, org.springframework.security.web.authentication.logout.LogoutFilter@697d6ded, com.hoang.config.JwtAuthenticationFilter@7161457, org.springframework.security.web.savedrequest.RequestCacheAwareFilter@59498d94, org.springframework.security.web.servletapi.SecurityContextHolderAwareRequestFilter@7573b9ee, org.springframework.security.web.authentication.AnonymousAuthenticationFilter@21ea996f, org.springframework.security.web.session.SessionManagementFilter@5707f613, org.springframework.security.web.access.ExceptionTranslationFilter@7069f076, org.springframework.security.web.access.intercept.FilterSecurityInterceptor@3fcbc766]
2020-08-01 23:45:17.740  INFO 30420 --- [task-1] org.hibernate.dialect.Dialect            : HHH000400: Using dialect: org.hibernate.dialect.H2Dialect
2020-08-01 23:45:17.950  INFO 30420 --- [main] o.s.b.w.embedded.tomcat.TomcatWebServer  : Tomcat started on port(s): 8080 (http) with context path ''
2020-08-01 23:45:17.951  INFO 30420 --- [main] DeferredRepositoryInitializationListener : Triggering deferred initialization of Spring Data repositories…
2020-08-01 23:45:17.965  INFO 30420 --- [task-1] org.hibernate.tuple.PojoInstantiator     : HHH000182: No default (no-argument) constructor for class: com.hoang.entity.User (class must be instantiated by Interceptor)
2020-08-01 23:45:18.132  INFO 30420 --- [task-1] o.h.e.t.j.p.i.JtaPlatformInitiator       : HHH000490: Using JtaPlatform implementation: [org.hibernate.engine.transaction.jta.platform.internal.NoJtaPlatform]
2020-08-01 23:45:18.138  INFO 30420 --- [task-1] j.LocalContainerEntityManagerFactoryBean : Initialized JPA EntityManagerFactory for persistence unit 'default'
2020-08-01 23:45:18.288  INFO 30420 --- [main] DeferredRepositoryInitializationListener : Spring Data repositories initialized!
2020-08-01 23:45:18.296  INFO 30420 --- [main] com.hoang.FreelancerApplication          : Started FreelancerApplication in 2.083 seconds (JVM running for 2.49)
2020-08-01 23:45:25.025  INFO 30420 --- [http-nio-8080-exec-1] o.a.c.c.C.[Tomcat].[localhost].[/]       : Initializing Spring DispatcherServlet 'dispatcherServlet'
2020-08-01 23:45:25.025  INFO 30420 --- [http-nio-8080-exec-1] o.s.web.servlet.DispatcherServlet        : Initializing Servlet 'dispatcherServlet'
2020-08-01 23:45:25.029  INFO 30420 --- [http-nio-8080-exec-1] o.s.web.servlet.DispatcherServlet        : Completed initialization in 4 ms
2020-08-01 23:45:25.036 ERROR 30420 --- [http-nio-8080-exec-1] c.h.config.AuthenticationEntryPointCust  : Responding with unauthorized error. Message - Full authentication is required to access this resource
2020-08-01 23:45:46.511  INFO 30420 --- [SpringContextShutdownHook] j.LocalContainerEntityManagerFactoryBean : Closing JPA EntityManagerFactory for persistence unit 'default'
2020-08-01 23:45:46.512  INFO 30420 --- [SpringContextShutdownHook] o.s.s.concurrent.ThreadPoolTaskExecutor  : Shutting down ExecutorService 'applicationTaskExecutor'
2020-08-01 23:45:46.513  INFO 30420 --- [SpringContextShutdownHook] com.zaxxer.hikari.HikariDataSource       : HikariPool-1 - Shutdown initiated...
2020-08-01 23:45:46.513  INFO 30420 --- [SpringContextShutdownHook] com.zaxxer.hikari.HikariDataSource       : HikariPool-1 - Shutdown completed.
2020-08-01 23:45:48.410  INFO 30562 --- [main] com.hoang.FreelancerApplication          : Starting FreelancerApplication on hoangdd with PID 30562 (/home/hoangdd/Public/project_person/jwt/build/classes/java/main started by hoangdd in /home/hoangdd/Public/project_person/jwt)
2020-08-01 23:45:48.412  INFO 30562 --- [main] com.hoang.FreelancerApplication          : No active profile set, falling back to default profiles: default
2020-08-01 23:45:48.825  INFO 30562 --- [main] .s.d.r.c.RepositoryConfigurationDelegate : Bootstrapping Spring Data JPA repositories in DEFERRED mode.
2020-08-01 23:45:48.873  INFO 30562 --- [main] .s.d.r.c.RepositoryConfigurationDelegate : Finished Spring Data repository scanning in 41ms. Found 1 JPA repository interfaces.
2020-08-01 23:45:49.203  INFO 30562 --- [main] o.s.b.w.embedded.tomcat.TomcatWebServer  : Tomcat initialized with port(s): 8080 (http)
2020-08-01 23:45:49.208  INFO 30562 --- [main] o.apache.catalina.core.StandardService   : Starting service [Tomcat]
2020-08-01 23:45:49.209  INFO 30562 --- [main] org.apache.catalina.core.StandardEngine  : Starting Servlet engine: [Apache Tomcat/9.0.37]
2020-08-01 23:45:49.249  INFO 30562 --- [main] o.a.c.c.C.[Tomcat].[localhost].[/]       : Initializing Spring embedded WebApplicationContext
2020-08-01 23:45:49.249  INFO 30562 --- [main] w.s.c.ServletWebServerApplicationContext : Root WebApplicationContext: initialization completed in 803 ms
2020-08-01 23:45:49.283  INFO 30562 --- [main] com.zaxxer.hikari.HikariDataSource       : HikariPool-1 - Starting...
2020-08-01 23:45:49.352  INFO 30562 --- [main] com.zaxxer.hikari.HikariDataSource       : HikariPool-1 - Start completed.
2020-08-01 23:45:49.374  INFO 30562 --- [main] o.s.b.a.h2.H2ConsoleAutoConfiguration    : H2 console available at '/h2-console'. Database available at 'jdbc:h2:mem:testdb'
2020-08-01 23:45:49.412  WARN 30562 --- [main] JpaBaseConfiguration$JpaWebConfiguration : spring.jpa.open-in-view is enabled by default. Therefore, database queries may be performed during view rendering. Explicitly configure spring.jpa.open-in-view to disable this warning
2020-08-01 23:45:49.446  INFO 30562 --- [main] o.s.s.concurrent.ThreadPoolTaskExecutor  : Initializing ExecutorService 'applicationTaskExecutor'
2020-08-01 23:45:49.523  INFO 30562 --- [task-1] o.hibernate.jpa.internal.util.LogHelper  : HHH000204: Processing PersistenceUnitInfo [name: default]
2020-08-01 23:45:49.554  INFO 30562 --- [task-1] org.hibernate.Version                    : HHH000412: Hibernate ORM core version 5.4.18.Final
2020-08-01 23:45:49.637  INFO 30562 --- [task-1] o.hibernate.annotations.common.Version   : HCANN000001: Hibernate Commons Annotations {5.1.0.Final}
2020-08-01 23:45:49.690  INFO 30562 --- [main] o.s.s.web.DefaultSecurityFilterChain     : Creating filter chain: any request, [org.springframework.security.web.context.request.async.WebAsyncManagerIntegrationFilter@6411504a, org.springframework.security.web.context.SecurityContextPersistenceFilter@fe09383, org.springframework.security.web.header.HeaderWriterFilter@750a04ec, org.springframework.security.web.csrf.CsrfFilter@4e3e11b9, org.springframework.security.web.authentication.logout.LogoutFilter@5ccb85d6, org.springframework.security.web.savedrequest.RequestCacheAwareFilter@1d98daa0, org.springframework.security.web.servletapi.SecurityContextHolderAwareRequestFilter@429aeac1, org.springframework.security.web.authentication.AnonymousAuthenticationFilter@554188ac, org.springframework.security.web.session.SessionManagementFilter@51fc862e, org.springframework.security.web.access.ExceptionTranslationFilter@6cbe68e9]
2020-08-01 23:45:49.702  INFO 30562 --- [task-1] org.hibernate.dialect.Dialect            : HHH000400: Using dialect: org.hibernate.dialect.H2Dialect
2020-08-01 23:45:49.939  INFO 30562 --- [main] o.s.b.w.embedded.tomcat.TomcatWebServer  : Tomcat started on port(s): 8080 (http) with context path ''
2020-08-01 23:45:49.940  INFO 30562 --- [main] DeferredRepositoryInitializationListener : Triggering deferred initialization of Spring Data repositories…
2020-08-01 23:45:49.957  INFO 30562 --- [task-1] org.hibernate.tuple.PojoInstantiator     : HHH000182: No default (no-argument) constructor for class: com.hoang.entity.User (class must be instantiated by Interceptor)
2020-08-01 23:45:50.139  INFO 30562 --- [task-1] o.h.e.t.j.p.i.JtaPlatformInitiator       : HHH000490: Using JtaPlatform implementation: [org.hibernate.engine.transaction.jta.platform.internal.NoJtaPlatform]
2020-08-01 23:45:50.145  INFO 30562 --- [task-1] j.LocalContainerEntityManagerFactoryBean : Initialized JPA EntityManagerFactory for persistence unit 'default'
2020-08-01 23:45:50.316  INFO 30562 --- [main] DeferredRepositoryInitializationListener : Spring Data repositories initialized!
2020-08-01 23:45:50.323  INFO 30562 --- [main] com.hoang.FreelancerApplication          : Started FreelancerApplication in 2.21 seconds (JVM running for 2.645)
2020-08-01 23:45:59.783  INFO 30562 --- [http-nio-8080-exec-1] o.a.c.c.C.[Tomcat].[localhost].[/]       : Initializing Spring DispatcherServlet 'dispatcherServlet'
2020-08-01 23:45:59.783  INFO 30562 --- [http-nio-8080-exec-1] o.s.web.servlet.DispatcherServlet        : Initializing Servlet 'dispatcherServlet'
2020-08-01 23:45:59.788  INFO 30562 --- [http-nio-8080-exec-1] o.s.web.servlet.DispatcherServlet        : Completed initialization in 4 ms
2020-08-01 23:46:11.862  INFO 30562 --- [SpringContextShutdownHook] j.LocalContainerEntityManagerFactoryBean : Closing JPA EntityManagerFactory for persistence unit 'default'
2020-08-01 23:46:11.864  INFO 30562 --- [SpringContextShutdownHook] o.s.s.concurrent.ThreadPoolTaskExecutor  : Shutting down ExecutorService 'applicationTaskExecutor'
2020-08-01 23:46:11.865  INFO 30562 --- [SpringContextShutdownHook] com.zaxxer.hikari.HikariDataSource       : HikariPool-1 - Shutdown initiated...
2020-08-01 23:46:11.866  INFO 30562 --- [SpringContextShutdownHook] com.zaxxer.hikari.HikariDataSource       : HikariPool-1 - Shutdown completed.
2020-08-01 23:46:13.717  INFO 30695 --- [main] com.hoang.FreelancerApplication          : Starting FreelancerApplication on hoangdd with PID 30695 (/home/hoangdd/Public/project_person/jwt/build/classes/java/main started by hoangdd in /home/hoangdd/Public/project_person/jwt)
2020-08-01 23:46:13.720  INFO 30695 --- [main] com.hoang.FreelancerApplication          : No active profile set, falling back to default profiles: default
2020-08-01 23:46:14.184  INFO 30695 --- [main] .s.d.r.c.RepositoryConfigurationDelegate : Bootstrapping Spring Data JPA repositories in DEFERRED mode.
2020-08-01 23:46:14.225  INFO 30695 --- [main] .s.d.r.c.RepositoryConfigurationDelegate : Finished Spring Data repository scanning in 35ms. Found 1 JPA repository interfaces.
2020-08-01 23:46:14.542  INFO 30695 --- [main] o.s.b.w.embedded.tomcat.TomcatWebServer  : Tomcat initialized with port(s): 8080 (http)
2020-08-01 23:46:14.547  INFO 30695 --- [main] o.apache.catalina.core.StandardService   : Starting service [Tomcat]
2020-08-01 23:46:14.548  INFO 30695 --- [main] org.apache.catalina.core.StandardEngine  : Starting Servlet engine: [Apache Tomcat/9.0.37]
2020-08-01 23:46:14.587  INFO 30695 --- [main] o.a.c.c.C.[Tomcat].[localhost].[/]       : Initializing Spring embedded WebApplicationContext
2020-08-01 23:46:14.587  INFO 30695 --- [main] w.s.c.ServletWebServerApplicationContext : Root WebApplicationContext: initialization completed in 824 ms
2020-08-01 23:46:14.618  INFO 30695 --- [main] com.zaxxer.hikari.HikariDataSource       : HikariPool-1 - Starting...
2020-08-01 23:46:14.686  INFO 30695 --- [main] com.zaxxer.hikari.HikariDataSource       : HikariPool-1 - Start completed.
2020-08-01 23:46:14.707  INFO 30695 --- [main] o.s.b.a.h2.H2ConsoleAutoConfiguration    : H2 console available at '/h2-console'. Database available at 'jdbc:h2:mem:testdb'
2020-08-01 23:46:14.742  WARN 30695 --- [main] JpaBaseConfiguration$JpaWebConfiguration : spring.jpa.open-in-view is enabled by default. Therefore, database queries may be performed during view rendering. Explicitly configure spring.jpa.open-in-view to disable this warning
2020-08-01 23:46:14.773  INFO 30695 --- [main] o.s.s.concurrent.ThreadPoolTaskExecutor  : Initializing ExecutorService 'applicationTaskExecutor'
2020-08-01 23:46:14.839  INFO 30695 --- [task-1] o.hibernate.jpa.internal.util.LogHelper  : HHH000204: Processing PersistenceUnitInfo [name: default]
2020-08-01 23:46:14.867  INFO 30695 --- [task-1] org.hibernate.Version                    : HHH000412: Hibernate ORM core version 5.4.18.Final
2020-08-01 23:46:14.948  INFO 30695 --- [task-1] o.hibernate.annotations.common.Version   : HCANN000001: Hibernate Commons Annotations {5.1.0.Final}
2020-08-01 23:46:15.008  INFO 30695 --- [main] o.s.s.web.DefaultSecurityFilterChain     : Creating filter chain: any request, [org.springframework.security.web.context.request.async.WebAsyncManagerIntegrationFilter@53747c4a, org.springframework.security.web.context.SecurityContextPersistenceFilter@384fda47, org.springframework.security.web.header.HeaderWriterFilter@58fd1214, org.springframework.security.web.csrf.CsrfFilter@33feda48, org.springframework.security.web.authentication.logout.LogoutFilter@348137e8, org.springframework.security.web.savedrequest.RequestCacheAwareFilter@575cabf0, org.springframework.security.web.servletapi.SecurityContextHolderAwareRequestFilter@7f4596d0, org.springframework.security.web.authentication.AnonymousAuthenticationFilter@64b0d1fa, org.springframework.security.web.session.SessionManagementFilter@5d878b25, org.springframework.security.web.access.ExceptionTranslationFilter@2ba1209b, org.springframework.security.web.access.intercept.FilterSecurityInterceptor@1c240cf2]
2020-08-01 23:46:15.015  INFO 30695 --- [task-1] org.hibernate.dialect.Dialect            : HHH000400: Using dialect: org.hibernate.dialect.H2Dialect
2020-08-01 23:46:15.217  INFO 30695 --- [main] o.s.b.w.embedded.tomcat.TomcatWebServer  : Tomcat started on port(s): 8080 (http) with context path ''
2020-08-01 23:46:15.218  INFO 30695 --- [main] DeferredRepositoryInitializationListener : Triggering deferred initialization of Spring Data repositories…
2020-08-01 23:46:15.238  INFO 30695 --- [task-1] org.hibernate.tuple.PojoInstantiator     : HHH000182: No default (no-argument) constructor for class: com.hoang.entity.User (class must be instantiated by Interceptor)
2020-08-01 23:46:15.398  INFO 30695 --- [task-1] o.h.e.t.j.p.i.JtaPlatformInitiator       : HHH000490: Using JtaPlatform implementation: [org.hibernate.engine.transaction.jta.platform.internal.NoJtaPlatform]
2020-08-01 23:46:15.403  INFO 30695 --- [task-1] j.LocalContainerEntityManagerFactoryBean : Initialized JPA EntityManagerFactory for persistence unit 'default'
2020-08-01 23:46:15.552  INFO 30695 --- [main] DeferredRepositoryInitializationListener : Spring Data repositories initialized!
2020-08-01 23:46:15.558  INFO 30695 --- [main] com.hoang.FreelancerApplication          : Started FreelancerApplication in 2.126 seconds (JVM running for 2.552)
2020-08-01 23:46:20.197  INFO 30695 --- [http-nio-8080-exec-1] o.a.c.c.C.[Tomcat].[localhost].[/]       : Initializing Spring DispatcherServlet 'dispatcherServlet'
2020-08-01 23:46:20.197  INFO 30695 --- [http-nio-8080-exec-1] o.s.web.servlet.DispatcherServlet        : Initializing Servlet 'dispatcherServlet'
2020-08-01 23:46:20.200  INFO 30695 --- [http-nio-8080-exec-1] o.s.web.servlet.DispatcherServlet        : Completed initialization in 3 ms
2020-08-01 23:46:35.641  INFO 30695 --- [SpringContextShutdownHook] j.LocalContainerEntityManagerFactoryBean : Closing JPA EntityManagerFactory for persistence unit 'default'
2020-08-01 23:46:35.643  INFO 30695 --- [SpringContextShutdownHook] o.s.s.concurrent.ThreadPoolTaskExecutor  : Shutting down ExecutorService 'applicationTaskExecutor'
2020-08-01 23:46:35.643  INFO 30695 --- [SpringContextShutdownHook] com.zaxxer.hikari.HikariDataSource       : HikariPool-1 - Shutdown initiated...
2020-08-01 23:46:35.644  INFO 30695 --- [SpringContextShutdownHook] com.zaxxer.hikari.HikariDataSource       : HikariPool-1 - Shutdown completed.
2020-08-01 23:46:37.458  INFO 30830 --- [main] com.hoang.FreelancerApplication          : Starting FreelancerApplication on hoangdd with PID 30830 (/home/hoangdd/Public/project_person/jwt/build/classes/java/main started by hoangdd in /home/hoangdd/Public/project_person/jwt)
2020-08-01 23:46:37.461  INFO 30830 --- [main] com.hoang.FreelancerApplication          : No active profile set, falling back to default profiles: default
2020-08-01 23:46:37.894  INFO 30830 --- [main] .s.d.r.c.RepositoryConfigurationDelegate : Bootstrapping Spring Data JPA repositories in DEFERRED mode.
2020-08-01 23:46:37.935  INFO 30830 --- [main] .s.d.r.c.RepositoryConfigurationDelegate : Finished Spring Data repository scanning in 35ms. Found 1 JPA repository interfaces.
2020-08-01 23:46:38.255  INFO 30830 --- [main] o.s.b.w.embedded.tomcat.TomcatWebServer  : Tomcat initialized with port(s): 8080 (http)
2020-08-01 23:46:38.261  INFO 30830 --- [main] o.apache.catalina.core.StandardService   : Starting service [Tomcat]
2020-08-01 23:46:38.261  INFO 30830 --- [main] org.apache.catalina.core.StandardEngine  : Starting Servlet engine: [Apache Tomcat/9.0.37]
2020-08-01 23:46:38.302  INFO 30830 --- [main] o.a.c.c.C.[Tomcat].[localhost].[/]       : Initializing Spring embedded WebApplicationContext
2020-08-01 23:46:38.302  INFO 30830 --- [main] w.s.c.ServletWebServerApplicationContext : Root WebApplicationContext: initialization completed in 808 ms
2020-08-01 23:46:38.333  INFO 30830 --- [main] com.zaxxer.hikari.HikariDataSource       : HikariPool-1 - Starting...
2020-08-01 23:46:38.406  INFO 30830 --- [main] com.zaxxer.hikari.HikariDataSource       : HikariPool-1 - Start completed.
2020-08-01 23:46:38.427  INFO 30830 --- [main] o.s.b.a.h2.H2ConsoleAutoConfiguration    : H2 console available at '/h2-console'. Database available at 'jdbc:h2:mem:testdb'
2020-08-01 23:46:38.466  WARN 30830 --- [main] JpaBaseConfiguration$JpaWebConfiguration : spring.jpa.open-in-view is enabled by default. Therefore, database queries may be performed during view rendering. Explicitly configure spring.jpa.open-in-view to disable this warning
2020-08-01 23:46:38.498  INFO 30830 --- [main] o.s.s.concurrent.ThreadPoolTaskExecutor  : Initializing ExecutorService 'applicationTaskExecutor'
2020-08-01 23:46:38.568  INFO 30830 --- [task-1] o.hibernate.jpa.internal.util.LogHelper  : HHH000204: Processing PersistenceUnitInfo [name: default]
2020-08-01 23:46:38.602  INFO 30830 --- [task-1] org.hibernate.Version                    : HHH000412: Hibernate ORM core version 5.4.18.Final
2020-08-01 23:46:38.697  INFO 30830 --- [task-1] o.hibernate.annotations.common.Version   : HCANN000001: Hibernate Commons Annotations {5.1.0.Final}
2020-08-01 23:46:38.753  INFO 30830 --- [main] o.s.s.web.DefaultSecurityFilterChain     : Creating filter chain: any request, [org.springframework.security.web.context.request.async.WebAsyncManagerIntegrationFilter@4aa31ffc, org.springframework.security.web.context.SecurityContextPersistenceFilter@47acd13b, org.springframework.security.web.header.HeaderWriterFilter@36790bec, org.springframework.security.web.csrf.CsrfFilter@2cca611f, org.springframework.security.web.authentication.logout.LogoutFilter@f557c37, org.springframework.security.web.savedrequest.RequestCacheAwareFilter@77d381e6, org.springframework.security.web.servletapi.SecurityContextHolderAwareRequestFilter@707ca986, org.springframework.security.web.authentication.AnonymousAuthenticationFilter@7945b206, org.springframework.security.web.session.SessionManagementFilter@3a36cd5, org.springframework.security.web.access.ExceptionTranslationFilter@234c5e41, org.springframework.security.web.access.intercept.FilterSecurityInterceptor@3332c7a5]
2020-08-01 23:46:38.765  INFO 30830 --- [task-1] org.hibernate.dialect.Dialect            : HHH000400: Using dialect: org.hibernate.dialect.H2Dialect
2020-08-01 23:46:38.999  INFO 30830 --- [main] o.s.b.w.embedded.tomcat.TomcatWebServer  : Tomcat started on port(s): 8080 (http) with context path ''
2020-08-01 23:46:39.000  INFO 30830 --- [main] DeferredRepositoryInitializationListener : Triggering deferred initialization of Spring Data repositories…
2020-08-01 23:46:39.014  INFO 30830 --- [task-1] org.hibernate.tuple.PojoInstantiator     : HHH000182: No default (no-argument) constructor for class: com.hoang.entity.User (class must be instantiated by Interceptor)
2020-08-01 23:46:39.187  INFO 30830 --- [task-1] o.h.e.t.j.p.i.JtaPlatformInitiator       : HHH000490: Using JtaPlatform implementation: [org.hibernate.engine.transaction.jta.platform.internal.NoJtaPlatform]
2020-08-01 23:46:39.193  INFO 30830 --- [task-1] j.LocalContainerEntityManagerFactoryBean : Initialized JPA EntityManagerFactory for persistence unit 'default'
2020-08-01 23:46:39.348  INFO 30830 --- [main] DeferredRepositoryInitializationListener : Spring Data repositories initialized!
2020-08-01 23:46:39.355  INFO 30830 --- [main] com.hoang.FreelancerApplication          : Started FreelancerApplication in 2.162 seconds (JVM running for 2.588)
2020-08-01 23:46:43.995  INFO 30830 --- [http-nio-8080-exec-1] o.a.c.c.C.[Tomcat].[localhost].[/]       : Initializing Spring DispatcherServlet 'dispatcherServlet'
2020-08-01 23:46:43.995  INFO 30830 --- [http-nio-8080-exec-1] o.s.web.servlet.DispatcherServlet        : Initializing Servlet 'dispatcherServlet'
2020-08-01 23:46:43.999  INFO 30830 --- [http-nio-8080-exec-1] o.s.web.servlet.DispatcherServlet        : Completed initialization in 4 ms
2020-08-01 23:47:46.449  INFO 30830 --- [SpringContextShutdownHook] j.LocalContainerEntityManagerFactoryBean : Closing JPA EntityManagerFactory for persistence unit 'default'
2020-08-01 23:47:46.450  INFO 30830 --- [SpringContextShutdownHook] o.s.s.concurrent.ThreadPoolTaskExecutor  : Shutting down ExecutorService 'applicationTaskExecutor'
2020-08-01 23:47:46.451  INFO 30830 --- [SpringContextShutdownHook] com.zaxxer.hikari.HikariDataSource       : HikariPool-1 - Shutdown initiated...
2020-08-01 23:47:46.452  INFO 30830 --- [SpringContextShutdownHook] com.zaxxer.hikari.HikariDataSource       : HikariPool-1 - Shutdown completed.
2020-08-01 23:47:48.351  INFO 31000 --- [main] com.hoang.FreelancerApplication          : Starting FreelancerApplication on hoangdd with PID 31000 (/home/hoangdd/Public/project_person/jwt/build/classes/java/main started by hoangdd in /home/hoangdd/Public/project_person/jwt)
2020-08-01 23:47:48.353  INFO 31000 --- [main] com.hoang.FreelancerApplication          : No active profile set, falling back to default profiles: default
2020-08-01 23:47:48.763  INFO 31000 --- [main] .s.d.r.c.RepositoryConfigurationDelegate : Bootstrapping Spring Data JPA repositories in DEFERRED mode.
2020-08-01 23:47:48.812  INFO 31000 --- [main] .s.d.r.c.RepositoryConfigurationDelegate : Finished Spring Data repository scanning in 43ms. Found 1 JPA repository interfaces.
2020-08-01 23:47:49.130  INFO 31000 --- [main] o.s.b.w.embedded.tomcat.TomcatWebServer  : Tomcat initialized with port(s): 8080 (http)
2020-08-01 23:47:49.135  INFO 31000 --- [main] o.apache.catalina.core.StandardService   : Starting service [Tomcat]
2020-08-01 23:47:49.135  INFO 31000 --- [main] org.apache.catalina.core.StandardEngine  : Starting Servlet engine: [Apache Tomcat/9.0.37]
2020-08-01 23:47:49.175  INFO 31000 --- [main] o.a.c.c.C.[Tomcat].[localhost].[/]       : Initializing Spring embedded WebApplicationContext
2020-08-01 23:47:49.175  INFO 31000 --- [main] w.s.c.ServletWebServerApplicationContext : Root WebApplicationContext: initialization completed in 795 ms
2020-08-01 23:47:49.206  INFO 31000 --- [main] com.zaxxer.hikari.HikariDataSource       : HikariPool-1 - Starting...
2020-08-01 23:47:49.283  INFO 31000 --- [main] com.zaxxer.hikari.HikariDataSource       : HikariPool-1 - Start completed.
2020-08-01 23:47:49.304  INFO 31000 --- [main] o.s.b.a.h2.H2ConsoleAutoConfiguration    : H2 console available at '/h2-console'. Database available at 'jdbc:h2:mem:testdb'
2020-08-01 23:47:49.423  INFO 31000 --- [main] o.s.s.concurrent.ThreadPoolTaskExecutor  : Initializing ExecutorService 'applicationTaskExecutor'
2020-08-01 23:47:49.445  INFO 31000 --- [task-1] o.hibernate.jpa.internal.util.LogHelper  : HHH000204: Processing PersistenceUnitInfo [name: default]
2020-08-01 23:47:49.466  WARN 31000 --- [main] JpaBaseConfiguration$JpaWebConfiguration : spring.jpa.open-in-view is enabled by default. Therefore, database queries may be performed during view rendering. Explicitly configure spring.jpa.open-in-view to disable this warning
2020-08-01 23:47:49.472  INFO 31000 --- [task-1] org.hibernate.Version                    : HHH000412: Hibernate ORM core version 5.4.18.Final
2020-08-01 23:47:49.549  INFO 31000 --- [task-1] o.hibernate.annotations.common.Version   : HCANN000001: Hibernate Commons Annotations {5.1.0.Final}
2020-08-01 23:47:49.604  INFO 31000 --- [main] o.s.s.web.DefaultSecurityFilterChain     : Creating filter chain: any request, [org.springframework.security.web.context.request.async.WebAsyncManagerIntegrationFilter@5fdfe8cf, org.springframework.security.web.context.SecurityContextPersistenceFilter@6b321262, org.springframework.security.web.header.HeaderWriterFilter@432af457, org.springframework.security.web.csrf.CsrfFilter@6b5ab2f2, org.springframework.security.web.authentication.logout.LogoutFilter@149b4d20, org.springframework.security.web.savedrequest.RequestCacheAwareFilter@7d0100ea, org.springframework.security.web.servletapi.SecurityContextHolderAwareRequestFilter@2c0c4c0a, org.springframework.security.web.authentication.AnonymousAuthenticationFilter@2a8b33ba, org.springframework.security.web.session.SessionManagementFilter@59498d94, org.springframework.security.web.access.ExceptionTranslationFilter@1f782c05, org.springframework.security.web.access.intercept.FilterSecurityInterceptor@79b18230]
2020-08-01 23:47:49.612  INFO 31000 --- [task-1] org.hibernate.dialect.Dialect            : HHH000400: Using dialect: org.hibernate.dialect.H2Dialect
2020-08-01 23:47:49.813  INFO 31000 --- [main] o.s.b.w.embedded.tomcat.TomcatWebServer  : Tomcat started on port(s): 8080 (http) with context path ''
2020-08-01 23:47:49.814  INFO 31000 --- [main] DeferredRepositoryInitializationListener : Triggering deferred initialization of Spring Data repositories…
2020-08-01 23:47:49.842  INFO 31000 --- [task-1] org.hibernate.tuple.PojoInstantiator     : HHH000182: No default (no-argument) constructor for class: com.hoang.entity.User (class must be instantiated by Interceptor)
2020-08-01 23:47:50.006  INFO 31000 --- [task-1] o.h.e.t.j.p.i.JtaPlatformInitiator       : HHH000490: Using JtaPlatform implementation: [org.hibernate.engine.transaction.jta.platform.internal.NoJtaPlatform]
2020-08-01 23:47:50.011  INFO 31000 --- [task-1] j.LocalContainerEntityManagerFactoryBean : Initialized JPA EntityManagerFactory for persistence unit 'default'
2020-08-01 23:47:50.160  INFO 31000 --- [main] DeferredRepositoryInitializationListener : Spring Data repositories initialized!
2020-08-01 23:47:50.166  INFO 31000 --- [main] com.hoang.FreelancerApplication          : Started FreelancerApplication in 2.055 seconds (JVM running for 2.443)
2020-08-01 23:47:55.841  INFO 31000 --- [http-nio-8080-exec-1] o.a.c.c.C.[Tomcat].[localhost].[/]       : Initializing Spring DispatcherServlet 'dispatcherServlet'
2020-08-01 23:47:55.842  INFO 31000 --- [http-nio-8080-exec-1] o.s.web.servlet.DispatcherServlet        : Initializing Servlet 'dispatcherServlet'
2020-08-01 23:47:55.845  INFO 31000 --- [http-nio-8080-exec-1] o.s.web.servlet.DispatcherServlet        : Completed initialization in 3 ms
2020-08-01 23:48:37.412  INFO 31000 --- [SpringContextShutdownHook] j.LocalContainerEntityManagerFactoryBean : Closing JPA EntityManagerFactory for persistence unit 'default'
2020-08-01 23:48:37.414  INFO 31000 --- [SpringContextShutdownHook] o.s.s.concurrent.ThreadPoolTaskExecutor  : Shutting down ExecutorService 'applicationTaskExecutor'
2020-08-01 23:48:37.415  INFO 31000 --- [SpringContextShutdownHook] com.zaxxer.hikari.HikariDataSource       : HikariPool-1 - Shutdown initiated...
2020-08-01 23:48:37.417  INFO 31000 --- [SpringContextShutdownHook] com.zaxxer.hikari.HikariDataSource       : HikariPool-1 - Shutdown completed.
2020-08-01 23:48:39.456  INFO 31141 --- [main] com.hoang.FreelancerApplication          : Starting FreelancerApplication on hoangdd with PID 31141 (/home/hoangdd/Public/project_person/jwt/build/classes/java/main started by hoangdd in /home/hoangdd/Public/project_person/jwt)
2020-08-01 23:48:39.459  INFO 31141 --- [main] com.hoang.FreelancerApplication          : No active profile set, falling back to default profiles: default
2020-08-01 23:48:39.894  INFO 31141 --- [main] .s.d.r.c.RepositoryConfigurationDelegate : Bootstrapping Spring Data JPA repositories in DEFERRED mode.
2020-08-01 23:48:39.946  INFO 31141 --- [main] .s.d.r.c.RepositoryConfigurationDelegate : Finished Spring Data repository scanning in 43ms. Found 1 JPA repository interfaces.
2020-08-01 23:48:40.395  INFO 31141 --- [main] o.s.b.w.embedded.tomcat.TomcatWebServer  : Tomcat initialized with port(s): 8080 (http)
2020-08-01 23:48:40.402  INFO 31141 --- [main] o.apache.catalina.core.StandardService   : Starting service [Tomcat]
2020-08-01 23:48:40.403  INFO 31141 --- [main] org.apache.catalina.core.StandardEngine  : Starting Servlet engine: [Apache Tomcat/9.0.37]
2020-08-01 23:48:40.449  INFO 31141 --- [main] o.a.c.c.C.[Tomcat].[localhost].[/]       : Initializing Spring embedded WebApplicationContext
2020-08-01 23:48:40.449  INFO 31141 --- [main] w.s.c.ServletWebServerApplicationContext : Root WebApplicationContext: initialization completed in 963 ms
2020-08-01 23:48:40.483  INFO 31141 --- [main] com.zaxxer.hikari.HikariDataSource       : HikariPool-1 - Starting...
2020-08-01 23:48:40.575  INFO 31141 --- [main] com.zaxxer.hikari.HikariDataSource       : HikariPool-1 - Start completed.
2020-08-01 23:48:40.604  INFO 31141 --- [main] o.s.b.a.h2.H2ConsoleAutoConfiguration    : H2 console available at '/h2-console'. Database available at 'jdbc:h2:mem:testdb'
2020-08-01 23:48:40.760  INFO 31141 --- [main] o.s.s.concurrent.ThreadPoolTaskExecutor  : Initializing ExecutorService 'applicationTaskExecutor'
2020-08-01 23:48:40.788  INFO 31141 --- [task-1] o.hibernate.jpa.internal.util.LogHelper  : HHH000204: Processing PersistenceUnitInfo [name: default]
2020-08-01 23:48:40.821  WARN 31141 --- [main] JpaBaseConfiguration$JpaWebConfiguration : spring.jpa.open-in-view is enabled by default. Therefore, database queries may be performed during view rendering. Explicitly configure spring.jpa.open-in-view to disable this warning
2020-08-01 23:48:40.837  INFO 31141 --- [task-1] org.hibernate.Version                    : HHH000412: Hibernate ORM core version 5.4.18.Final
2020-08-01 23:48:40.881  WARN 31141 --- [main] ConfigServletWebServerApplicationContext : Exception encountered during context initialization - cancelling refresh attempt: org.springframework.beans.factory.UnsatisfiedDependencyException: Error creating bean with name 'userController' defined in file [/home/hoangdd/Public/project_person/jwt/build/classes/java/main/com/hoang/controller/UserController.class]: Unsatisfied dependency expressed through constructor parameter 0; nested exception is org.springframework.beans.factory.UnsatisfiedDependencyException: Error creating bean with name 'userServiceImpl': Unsatisfied dependency expressed through field 'authenticationManager'; nested exception is org.springframework.beans.factory.NoSuchBeanDefinitionException: No qualifying bean of type 'org.springframework.security.authentication.AuthenticationManager' available: expected at least 1 bean which qualifies as autowire candidate. Dependency annotations: {@org.springframework.beans.factory.annotation.Autowired(required=true)}
2020-08-01 23:48:40.882  INFO 31141 --- [main] j.LocalContainerEntityManagerFactoryBean : Closing JPA EntityManagerFactory for persistence unit 'default'
2020-08-01 23:48:40.944  INFO 31141 --- [task-1] o.hibernate.annotations.common.Version   : HCANN000001: Hibernate Commons Annotations {5.1.0.Final}
2020-08-01 23:48:41.011  INFO 31141 --- [task-1] org.hibernate.dialect.Dialect            : HHH000400: Using dialect: org.hibernate.dialect.H2Dialect
2020-08-01 23:48:41.269  INFO 31141 --- [task-1] org.hibernate.tuple.PojoInstantiator     : HHH000182: No default (no-argument) constructor for class: com.hoang.entity.User (class must be instantiated by Interceptor)
2020-08-01 23:48:41.463  INFO 31141 --- [task-1] o.h.e.t.j.p.i.JtaPlatformInitiator       : HHH000490: Using JtaPlatform implementation: [org.hibernate.engine.transaction.jta.platform.internal.NoJtaPlatform]
2020-08-01 23:48:41.469  INFO 31141 --- [task-1] j.LocalContainerEntityManagerFactoryBean : Initialized JPA EntityManagerFactory for persistence unit 'default'
2020-08-01 23:48:41.471  INFO 31141 --- [main] o.s.s.concurrent.ThreadPoolTaskExecutor  : Shutting down ExecutorService 'applicationTaskExecutor'
2020-08-01 23:48:41.472  INFO 31141 --- [main] com.zaxxer.hikari.HikariDataSource       : HikariPool-1 - Shutdown initiated...
2020-08-01 23:48:41.474  INFO 31141 --- [main] com.zaxxer.hikari.HikariDataSource       : HikariPool-1 - Shutdown completed.
2020-08-01 23:48:41.476  INFO 31141 --- [main] o.apache.catalina.core.StandardService   : Stopping service [Tomcat]
2020-08-01 23:48:41.484  INFO 31141 --- [main] ConditionEvaluationReportLoggingListener : 

Error starting ApplicationContext. To display the conditions report re-run your application with 'debug' enabled.
2020-08-01 23:48:41.559 ERROR 31141 --- [main] o.s.b.d.LoggingFailureAnalysisReporter   : 

***************************
APPLICATION FAILED TO START
***************************

Description:

Field authenticationManager in com.hoang.service.impl.UserServiceImpl required a bean of type 'org.springframework.security.authentication.AuthenticationManager' that could not be found.


Action:

Consider defining a bean of type 'org.springframework.security.authentication.AuthenticationManager' in your configuration.

2020-08-01 23:50:40.951  INFO 31464 --- [main] com.hoang.FreelancerApplication          : Starting FreelancerApplication on hoangdd with PID 31464 (/home/hoangdd/Public/project_person/jwt/build/classes/java/main started by hoangdd in /home/hoangdd/Public/project_person/jwt)
2020-08-01 23:50:40.954  INFO 31464 --- [main] com.hoang.FreelancerApplication          : No active profile set, falling back to default profiles: default
2020-08-01 23:50:41.355  INFO 31464 --- [main] .s.d.r.c.RepositoryConfigurationDelegate : Bootstrapping Spring Data JPA repositories in DEFERRED mode.
2020-08-01 23:50:41.396  INFO 31464 --- [main] .s.d.r.c.RepositoryConfigurationDelegate : Finished Spring Data repository scanning in 35ms. Found 1 JPA repository interfaces.
2020-08-01 23:50:41.733  INFO 31464 --- [main] o.s.b.w.embedded.tomcat.TomcatWebServer  : Tomcat initialized with port(s): 8080 (http)
2020-08-01 23:50:41.739  INFO 31464 --- [main] o.apache.catalina.core.StandardService   : Starting service [Tomcat]
2020-08-01 23:50:41.739  INFO 31464 --- [main] org.apache.catalina.core.StandardEngine  : Starting Servlet engine: [Apache Tomcat/9.0.37]
2020-08-01 23:50:41.783  INFO 31464 --- [main] o.a.c.c.C.[Tomcat].[localhost].[/]       : Initializing Spring embedded WebApplicationContext
2020-08-01 23:50:41.783  INFO 31464 --- [main] w.s.c.ServletWebServerApplicationContext : Root WebApplicationContext: initialization completed in 801 ms
2020-08-01 23:50:41.817  INFO 31464 --- [main] com.zaxxer.hikari.HikariDataSource       : HikariPool-1 - Starting...
2020-08-01 23:50:41.893  INFO 31464 --- [main] com.zaxxer.hikari.HikariDataSource       : HikariPool-1 - Start completed.
2020-08-01 23:50:41.915  INFO 31464 --- [main] o.s.b.a.h2.H2ConsoleAutoConfiguration    : H2 console available at '/h2-console'. Database available at 'jdbc:h2:mem:testdb'
2020-08-01 23:50:42.037  INFO 31464 --- [main] o.s.s.concurrent.ThreadPoolTaskExecutor  : Initializing ExecutorService 'applicationTaskExecutor'
2020-08-01 23:50:42.060  INFO 31464 --- [task-1] o.hibernate.jpa.internal.util.LogHelper  : HHH000204: Processing PersistenceUnitInfo [name: default]
2020-08-01 23:50:42.081  WARN 31464 --- [main] JpaBaseConfiguration$JpaWebConfiguration : spring.jpa.open-in-view is enabled by default. Therefore, database queries may be performed during view rendering. Explicitly configure spring.jpa.open-in-view to disable this warning
2020-08-01 23:50:42.088  INFO 31464 --- [task-1] org.hibernate.Version                    : HHH000412: Hibernate ORM core version 5.4.18.Final
2020-08-01 23:50:42.164  INFO 31464 --- [task-1] o.hibernate.annotations.common.Version   : HCANN000001: Hibernate Commons Annotations {5.1.0.Final}
2020-08-01 23:50:42.209  INFO 31464 --- [main] o.s.s.web.DefaultSecurityFilterChain     : Creating filter chain: any request, [org.springframework.security.web.context.request.async.WebAsyncManagerIntegrationFilter@3e546734, org.springframework.security.web.context.SecurityContextPersistenceFilter@28279a49, org.springframework.security.web.header.HeaderWriterFilter@7c241a9f, org.springframework.security.web.csrf.CsrfFilter@7e87ef9e, org.springframework.security.web.authentication.logout.LogoutFilter@1c34365c, org.springframework.security.web.savedrequest.RequestCacheAwareFilter@3663d0ba, org.springframework.security.web.servletapi.SecurityContextHolderAwareRequestFilter@704067c6, org.springframework.security.web.authentication.AnonymousAuthenticationFilter@53747c4a, org.springframework.security.web.session.SessionManagementFilter@4998e74b, org.springframework.security.web.access.ExceptionTranslationFilter@4342c13, org.springframework.security.web.access.intercept.FilterSecurityInterceptor@581b1c08]
2020-08-01 23:50:42.229  INFO 31464 --- [task-1] org.hibernate.dialect.Dialect            : HHH000400: Using dialect: org.hibernate.dialect.H2Dialect
2020-08-01 23:50:42.451  INFO 31464 --- [main] o.s.b.w.embedded.tomcat.TomcatWebServer  : Tomcat started on port(s): 8080 (http) with context path ''
2020-08-01 23:50:42.452  INFO 31464 --- [main] DeferredRepositoryInitializationListener : Triggering deferred initialization of Spring Data repositories…
2020-08-01 23:50:42.477  INFO 31464 --- [task-1] org.hibernate.tuple.PojoInstantiator     : HHH000182: No default (no-argument) constructor for class: com.hoang.entity.User (class must be instantiated by Interceptor)
2020-08-01 23:50:42.642  INFO 31464 --- [task-1] o.h.e.t.j.p.i.JtaPlatformInitiator       : HHH000490: Using JtaPlatform implementation: [org.hibernate.engine.transaction.jta.platform.internal.NoJtaPlatform]
2020-08-01 23:50:42.648  INFO 31464 --- [task-1] j.LocalContainerEntityManagerFactoryBean : Initialized JPA EntityManagerFactory for persistence unit 'default'
2020-08-01 23:50:42.806  INFO 31464 --- [main] DeferredRepositoryInitializationListener : Spring Data repositories initialized!
2020-08-01 23:50:42.814  INFO 31464 --- [main] com.hoang.FreelancerApplication          : Started FreelancerApplication in 2.1 seconds (JVM running for 2.48)
2020-08-01 23:50:46.653  INFO 31464 --- [http-nio-8080-exec-1] o.a.c.c.C.[Tomcat].[localhost].[/]       : Initializing Spring DispatcherServlet 'dispatcherServlet'
2020-08-01 23:50:46.653  INFO 31464 --- [http-nio-8080-exec-1] o.s.web.servlet.DispatcherServlet        : Initializing Servlet 'dispatcherServlet'
2020-08-01 23:50:46.658  INFO 31464 --- [http-nio-8080-exec-1] o.s.web.servlet.DispatcherServlet        : Completed initialization in 5 ms
